"O:/UE4 Projects/Uni Projects/SneakTavernSim/Content/Ignore.uasset" 0
"../../../Engine/Content/EditorBlueprintResources/StandardMacros.uasset" 1
"O:/UE4 Projects/Uni Projects/SneakTavernSim/Content/Player/PlayerAction.uasset" 2
"O:/UE4 Projects/Uni Projects/SneakTavernSim/Content/Player/PlayerInterface.uasset" 3
"O:/UE4 Projects/Uni Projects/SneakTavernSim/Content/Inventory/PlayerInventory_2020-12-05-10-37-10.uasset" 4
"O:/UE4 Projects/Uni Projects/SneakTavernSim/Content/Items/ItemStruct.uasset" 5
"O:/UE4 Projects/Uni Projects/SneakTavernSim/Content/Items/ItemDataTable.uasset" 6
"O:/UE4 Projects/Uni Projects/SneakTavernSim/Content/Inventory/UI/ItemInfoUI.uasset" 7
"O:/UE4 Projects/Uni Projects/SneakTavernSim/Content/Inventory/UI/ItemSlot.uasset" 8
"O:/UE4 Projects/Uni Projects/SneakTavernSim/Content/Inventory/UI/SplitItemSlot.uasset" 9
"O:/UE4 Projects/Uni Projects/SneakTavernSim/Content/Inventory/UI/InventorySlotNew.uasset" 10
"O:/UE4 Projects/Uni Projects/SneakTavernSim/Content/Inventory/UI/InventoryMain.uasset" 11
"O:/UE4 Projects/Uni Projects/SneakTavernSim/Content/Inventory/InventoryInterface.uasset" 12
"O:/UE4 Projects/Uni Projects/SneakTavernSim/Content/Inventory/InventoryComponentBP_2020-12-05-10-38-25.uasset" 13
"O:/UE4 Projects/Uni Projects/SneakTavernSim/Content/Inventory/UI/HotBar.uasset" 14
"O:/UE4 Projects/Uni Projects/SneakTavernSim/Content/Lockpick/RT_Lockpick.uasset" 15
"O:/UE4 Projects/Uni Projects/SneakTavernSim/Content/Lockpick/M_Lockpick.uasset" 16
"O:/UE4 Projects/Uni Projects/SneakTavernSim/Content/Lockpick/Lockpick_Widget.uasset" 17
"O:/UE4 Projects/Uni Projects/SneakTavernSim/Content/Player/UI/LoadingScreen.uasset" 18
"O:/UE4 Projects/Uni Projects/SneakTavernSim/Content/Player/UI/Pause.uasset" 19
"O:/UE4 Projects/Uni Projects/SneakTavernSim/Content/Player/UI/HUD_2020-12-05-10-38-23.uasset" 20
"O:/UE4 Projects/Uni Projects/SneakTavernSim/Content/ContainerInterface.uasset" 21
"O:/UE4 Projects/Uni Projects/SneakTavernSim/Content/BaseContainer.uasset" 22
"O:/UE4 Projects/Uni Projects/SneakTavernSim/Content/NewBlueprint.uasset" 23
"O:/UE4 Projects/Uni Projects/SneakTavernSim/Content/Tavern/ModularFantasyHouse/Textures/T_House_A.uasset" 24
"O:/UE4 Projects/Uni Projects/SneakTavernSim/Content/Tavern/ModularFantasyHouse/Textures/T_House_N.uasset" 25
"O:/UE4 Projects/Uni Projects/SneakTavernSim/Content/Tavern/ModularFantasyHouse/Textures/T_House_R.uasset" 26
"O:/UE4 Projects/Uni Projects/SneakTavernSim/Content/Tavern/ModularFantasyHouse/Materials/M_House.uasset" 27
"O:/UE4 Projects/Uni Projects/SneakTavernSim/Content/Tavern/ModularFantasyHouse/Meshes/SM_Ceiling_3x3m_v2.uasset" 28
"O:/UE4 Projects/Uni Projects/SneakTavernSim/Content/ModularFantasyHouse/Meshes/SM_Ceiling_3x3m_v2.uasset" 29
"O:/UE4 Projects/Uni Projects/SneakTavernSim/Content/Tavern/ModularFantasyHouse/Meshes/SM_Ceiling_extruded_second_floor_3x1m.uasset" 30
"O:/UE4 Projects/Uni Projects/SneakTavernSim/Content/ModularFantasyHouse/Meshes/SM_Ceiling_extruded_second_floor_3x1m.uasset" 31
"O:/UE4 Projects/Uni Projects/SneakTavernSim/Content/Tavern/ModularFantasyHouse/Meshes/SM_Floor_Wood_3x3m.uasset" 32
"O:/UE4 Projects/Uni Projects/SneakTavernSim/Content/ModularFantasyHouse/Meshes/SM_Floor_Wood_3x3m.uasset" 33
"O:/UE4 Projects/Uni Projects/SneakTavernSim/Content/Tavern/ModularFantasyHouse/Textures/T_Door_2_a.uasset" 34
"O:/UE4 Projects/Uni Projects/SneakTavernSim/Content/Tavern/ModularFantasyHouse/Textures/T_Door_2_AO_R_M.uasset" 35
"O:/UE4 Projects/Uni Projects/SneakTavernSim/Content/Tavern/ModularFantasyHouse/Textures/T_Door_2_N.uasset" 36
"O:/UE4 Projects/Uni Projects/SneakTavernSim/Content/Tavern/ModularFantasyHouse/Materials/M_Door_2.uasset" 37
"O:/UE4 Projects/Uni Projects/SneakTavernSim/Content/Tavern/ModularFantasyHouse/Meshes/SM_Wall_Wood_Planks_Door.uasset" 38
"O:/UE4 Projects/Uni Projects/SneakTavernSim/Content/ModularFantasyHouse/Meshes/SM_Wall_Wood_Planks_Door.uasset" 39
"O:/UE4 Projects/Uni Projects/SneakTavernSim/Content/Tavern/ModularFantasyHouse/Meshes/SM_Wall_Wood_Planks_Door_v2.uasset" 40
"O:/UE4 Projects/Uni Projects/SneakTavernSim/Content/ModularFantasyHouse/Meshes/SM_Wall_Wood_Planks_Door_v2.uasset" 41
"O:/UE4 Projects/Uni Projects/SneakTavernSim/Content/Tavern/ModularFantasyHouse/Meshes/SM_Wall_Wood_Planks_v4.uasset" 42
"O:/UE4 Projects/Uni Projects/SneakTavernSim/Content/ModularFantasyHouse/Meshes/SM_Wall_Wood_Planks_v4.uasset" 43
"O:/UE4 Projects/Uni Projects/SneakTavernSim/Content/Tavern/ModularFantasyHouse/Meshes/SM_Wall_Wood_Planks_v4_1.uasset" 44
"O:/UE4 Projects/Uni Projects/SneakTavernSim/Content/ModularFantasyHouse/Meshes/SM_Wall_Wood_Planks_v4_1.uasset" 45
"O:/UE4 Projects/Uni Projects/SneakTavernSim/Content/Tavern/ModularFantasyHouse/Textures/T_Windows_a.uasset" 46
"O:/UE4 Projects/Uni Projects/SneakTavernSim/Content/Tavern/ModularFantasyHouse/Textures/T_Windows_AO_R_M.uasset" 47
"O:/UE4 Projects/Uni Projects/SneakTavernSim/Content/Tavern/ModularFantasyHouse/Textures/T_Windows_n.uasset" 48
"O:/UE4 Projects/Uni Projects/SneakTavernSim/Content/Tavern/ModularFantasyHouse/Materials/M_Window_glass.uasset" 49
"O:/UE4 Projects/Uni Projects/SneakTavernSim/Content/Tavern/ModularFantasyHouse/Materials/M_Windows.uasset" 50
"O:/UE4 Projects/Uni Projects/SneakTavernSim/Content/Tavern/ModularFantasyHouse/Meshes/SM_Wall_Wood_Planks_Window_v1.uasset" 51
"O:/UE4 Projects/Uni Projects/SneakTavernSim/Content/ModularFantasyHouse/Meshes/SM_Wall_Wood_Planks_Window_v1.uasset" 52
"O:/UE4 Projects/Uni Projects/SneakTavernSim/Content/Tavern/ModularFantasyHouse/Meshes/SM_Wall_Wood_Planks_Window_v3.uasset" 53
"O:/UE4 Projects/Uni Projects/SneakTavernSim/Content/ModularFantasyHouse/Meshes/SM_Wall_Wood_Planks_Window_v3.uasset" 54
"O:/UE4 Projects/Uni Projects/SneakTavernSim/Content/Tavern/Tave.uasset" 55
"O:/UE4 Projects/Uni Projects/SneakTavernSim/Content/Tave.uasset" 56
"O:/UE4 Projects/Uni Projects/SneakTavernSim/Content/Tavern.uasset" 57
"O:/UE4 Projects/Uni Projects/SneakTavernSim/Content/Tavern/Tavern_BuiltData.uasset" 58
"O:/UE4 Projects/Uni Projects/SneakTavernSim/Content/Tavern_BuiltData.uasset" 59
"O:/UE4 Projects/Uni Projects/SneakTavernSim/Content/Tavern/ModularFantasyHouse/Textures/T_BlackPlaceHolder.uasset" 60
"O:/UE4 Projects/Uni Projects/SneakTavernSim/Content/Tavern/ModularFantasyHouse/Textures/T_NormalPlaceHolder.uasset" 61
"O:/UE4 Projects/Uni Projects/SneakTavernSim/Content/Tavern/ModularFantasyHouse/Materials/M_Props.uasset" 62
"O:/UE4 Projects/Uni Projects/SneakTavernSim/Content/Tavern/ModularFantasyHouse/Textures/T_Bags_A.uasset" 63
"O:/UE4 Projects/Uni Projects/SneakTavernSim/Content/Tavern/ModularFantasyHouse/Textures/T_Bags_AO_R_M.uasset" 64
"O:/UE4 Projects/Uni Projects/SneakTavernSim/Content/Tavern/ModularFantasyHouse/Textures/T_Bags_N.uasset" 65
"O:/UE4 Projects/Uni Projects/SneakTavernSim/Content/Tavern/ModularFantasyHouse/Materials/MI_Bags.uasset" 66
"O:/UE4 Projects/Uni Projects/SneakTavernSim/Content/ModularFantasyHouse/Materials/MI_Bags.uasset" 67
"O:/UE4 Projects/Uni Projects/SneakTavernSim/Content/Tavern/ModularFantasyHouse/Textures/T_Wooden_Barrels_and_Boxes_a.uasset" 68
"O:/UE4 Projects/Uni Projects/SneakTavernSim/Content/Tavern/ModularFantasyHouse/Textures/T_Wooden_Barrels_and_Boxes_AO_R_M.uasset" 69
"O:/UE4 Projects/Uni Projects/SneakTavernSim/Content/Tavern/ModularFantasyHouse/Textures/T_Wooden_Barrels_and_Boxes_n.uasset" 70
"O:/UE4 Projects/Uni Projects/SneakTavernSim/Content/Tavern/ModularFantasyHouse/Materials/MI_Barrels_and_Boxes.uasset" 71
"O:/UE4 Projects/Uni Projects/SneakTavernSim/Content/ModularFantasyHouse/Materials/MI_Barrels_and_Boxes.uasset" 72
"O:/UE4 Projects/Uni Projects/SneakTavernSim/Content/Tavern/ModularFantasyHouse/Textures/T_Barrel_Big_a.uasset" 73
"O:/UE4 Projects/Uni Projects/SneakTavernSim/Content/Tavern/ModularFantasyHouse/Textures/T_Barrel_Big_AO_R_M.uasset" 74
"O:/UE4 Projects/Uni Projects/SneakTavernSim/Content/Tavern/ModularFantasyHouse/Textures/T_Barrel_Big_n.uasset" 75
"O:/UE4 Projects/Uni Projects/SneakTavernSim/Content/Tavern/ModularFantasyHouse/Materials/MI_Barrel_Big.uasset" 76
"O:/UE4 Projects/Uni Projects/SneakTavernSim/Content/ModularFantasyHouse/Materials/MI_Barrel_Big.uasset" 77
"O:/UE4 Projects/Uni Projects/SneakTavernSim/Content/Tavern/ModularFantasyHouse/Textures/T_Bed_A.uasset" 78
"O:/UE4 Projects/Uni Projects/SneakTavernSim/Content/Tavern/ModularFantasyHouse/Textures/T_Bed_AO_R_M.uasset" 79
"O:/UE4 Projects/Uni Projects/SneakTavernSim/Content/Tavern/ModularFantasyHouse/Textures/T_Bed_N.uasset" 80
"O:/UE4 Projects/Uni Projects/SneakTavernSim/Content/Tavern/ModularFantasyHouse/Materials/MI_Bed.uasset" 81
"O:/UE4 Projects/Uni Projects/SneakTavernSim/Content/ModularFantasyHouse/Materials/MI_Bed.uasset" 82
"O:/UE4 Projects/Uni Projects/SneakTavernSim/Content/Tavern/ModularFantasyHouse/Textures/T_Fireplace_A.uasset" 83
"O:/UE4 Projects/Uni Projects/SneakTavernSim/Content/Tavern/ModularFantasyHouse/Textures/T_Fireplace_AO_R_M.uasset" 84
"O:/UE4 Projects/Uni Projects/SneakTavernSim/Content/Tavern/ModularFantasyHouse/Textures/T_Fireplace_N.uasset" 85
"O:/UE4 Projects/Uni Projects/SneakTavernSim/Content/Tavern/ModularFantasyHouse/Materials/MI_Fireplace.uasset" 86
"O:/UE4 Projects/Uni Projects/SneakTavernSim/Content/ModularFantasyHouse/Materials/MI_Fireplace.uasset" 87
"O:/UE4 Projects/Uni Projects/SneakTavernSim/Content/Tavern/ModularFantasyHouse/Textures/T_House_Fireplace_A.uasset" 88
"O:/UE4 Projects/Uni Projects/SneakTavernSim/Content/Tavern/ModularFantasyHouse/Textures/T_House_Fireplace_AO_R_M.uasset" 89
"O:/UE4 Projects/Uni Projects/SneakTavernSim/Content/Tavern/ModularFantasyHouse/Textures/T_House_Fireplace_N.uasset" 90
"O:/UE4 Projects/Uni Projects/SneakTavernSim/Content/Tavern/ModularFantasyHouse/Materials/MI_House_Fireplace.uasset" 91
"O:/UE4 Projects/Uni Projects/SneakTavernSim/Content/ModularFantasyHouse/Materials/MI_House_Fireplace.uasset" 92
"O:/UE4 Projects/Uni Projects/SneakTavernSim/Content/Tavern/ModularFantasyHouse/Textures/T_Lamp_A.uasset" 93
"O:/UE4 Projects/Uni Projects/SneakTavernSim/Content/Tavern/ModularFantasyHouse/Textures/T_Lamp_AO_R_M.uasset" 94
"O:/UE4 Projects/Uni Projects/SneakTavernSim/Content/Tavern/ModularFantasyHouse/Textures/T_Lamp_N.uasset" 95
"O:/UE4 Projects/Uni Projects/SneakTavernSim/Content/Tavern/ModularFantasyHouse/Materials/MI_Lamp.uasset" 96
"O:/UE4 Projects/Uni Projects/SneakTavernSim/Content/ModularFantasyHouse/Materials/MI_Lamp.uasset" 97
"O:/UE4 Projects/Uni Projects/SneakTavernSim/Content/Tavern/ModularFantasyHouse/Textures/T_Shelfs_and_Boxes_A.uasset" 98
"O:/UE4 Projects/Uni Projects/SneakTavernSim/Content/Tavern/ModularFantasyHouse/Textures/T_Shelfs_and_Boxes_AO_R_M.uasset" 99
"O:/UE4 Projects/Uni Projects/SneakTavernSim/Content/Tavern/ModularFantasyHouse/Textures/T_Shelfs_and_Boxes_N.uasset" 100
"O:/UE4 Projects/Uni Projects/SneakTavernSim/Content/Tavern/ModularFantasyHouse/Materials/MI_Shelfs_and_Boxes.uasset" 101
"O:/UE4 Projects/Uni Projects/SneakTavernSim/Content/ModularFantasyHouse/Materials/MI_Shelfs_and_Boxes.uasset" 102
"O:/UE4 Projects/Uni Projects/SneakTavernSim/Content/Tavern/ModularFantasyHouse/Textures/T_Tables_and_Chairs_A.uasset" 103
"O:/UE4 Projects/Uni Projects/SneakTavernSim/Content/Tavern/ModularFantasyHouse/Textures/T_Tables_and_Chairs_AO_R_M.uasset" 104
"O:/UE4 Projects/Uni Projects/SneakTavernSim/Content/Tavern/ModularFantasyHouse/Textures/T_Tables_and_Chairs_N.uasset" 105
"O:/UE4 Projects/Uni Projects/SneakTavernSim/Content/Tavern/ModularFantasyHouse/Materials/MI_Tables_and_Chairs.uasset" 106
"O:/UE4 Projects/Uni Projects/SneakTavernSim/Content/ModularFantasyHouse/Materials/MI_Tables_and_Chairs.uasset" 107
"O:/UE4 Projects/Uni Projects/SneakTavernSim/Content/Tavern/ModularFantasyHouse/Textures/T_Tableware_A.uasset" 108
"O:/UE4 Projects/Uni Projects/SneakTavernSim/Content/Tavern/ModularFantasyHouse/Textures/T_Tableware_AO_R_M.uasset" 109
"O:/UE4 Projects/Uni Projects/SneakTavernSim/Content/Tavern/ModularFantasyHouse/Textures/T_Tableware_N.uasset" 110
"O:/UE4 Projects/Uni Projects/SneakTavernSim/Content/Tavern/ModularFantasyHouse/Materials/MI_Tableware.uasset" 111
"O:/UE4 Projects/Uni Projects/SneakTavernSim/Content/ModularFantasyHouse/Materials/MI_Tableware.uasset" 112
"O:/UE4 Projects/Uni Projects/SneakTavernSim/Content/ModularFantasyHouse/Materials/M_Props.uasset" 113
"O:/UE4 Projects/Uni Projects/SneakTavernSim/Content/Tavern/ModularFantasyHouse/Textures/T_Sculpted_part_a.uasset" 114
"O:/UE4 Projects/Uni Projects/SneakTavernSim/Content/Tavern/ModularFantasyHouse/Textures/T_Sculpted_part_n.uasset" 115
"O:/UE4 Projects/Uni Projects/SneakTavernSim/Content/Tavern/ModularFantasyHouse/Textures/T_Sculpted_part_R.uasset" 116
"O:/UE4 Projects/Uni Projects/SneakTavernSim/Content/Tavern/ModularFantasyHouse/Materials/M_Sculpted_Part.uasset" 117
"O:/UE4 Projects/Uni Projects/SneakTavernSim/Content/ModularFantasyHouse/Materials/M_Sculpted_Part.uasset" 118
"O:/UE4 Projects/Uni Projects/SneakTavernSim/Content/Tavern/ModularFantasyHouse/Meshes/SM_Bottom_Block_3m.uasset" 119
"O:/UE4 Projects/Uni Projects/SneakTavernSim/Content/ModularFantasyHouse/Meshes/SM_Bottom_Block_3m.uasset" 120
"O:/UE4 Projects/Uni Projects/SneakTavernSim/Content/Tavern/ModularFantasyHouse/Meshes/SM_Bottom_Block_50x50cm.uasset" 121
"O:/UE4 Projects/Uni Projects/SneakTavernSim/Content/ModularFantasyHouse/Meshes/SM_Bottom_Block_50x50cm.uasset" 122
"O:/UE4 Projects/Uni Projects/SneakTavernSim/Content/Tavern/ModularFantasyHouse/Meshes/SM_Ceiling_3x3m_v1.uasset" 123
"O:/UE4 Projects/Uni Projects/SneakTavernSim/Content/ModularFantasyHouse/Meshes/SM_Ceiling_3x3m_v1.uasset" 124
"O:/UE4 Projects/Uni Projects/SneakTavernSim/Content/Tavern/ModularFantasyHouse/Meshes/SM_Ceiling_3x3m_v3.uasset" 125
"O:/UE4 Projects/Uni Projects/SneakTavernSim/Content/ModularFantasyHouse/Meshes/SM_Ceiling_3x3m_v3.uasset" 126
"O:/UE4 Projects/Uni Projects/SneakTavernSim/Content/Tavern/ModularFantasyHouse/Meshes/SM_Ceiling_extruded_second_floor_1x1m.uasset" 127
"O:/UE4 Projects/Uni Projects/SneakTavernSim/Content/ModularFantasyHouse/Meshes/SM_Ceiling_extruded_second_floor_1x1m.uasset" 128
"O:/UE4 Projects/Uni Projects/SneakTavernSim/Content/Tavern/ModularFantasyHouse/Meshes/SM_Corner_Bricks.uasset" 129
"O:/UE4 Projects/Uni Projects/SneakTavernSim/Content/ModularFantasyHouse/Meshes/SM_Corner_Bricks.uasset" 130
"O:/UE4 Projects/Uni Projects/SneakTavernSim/Content/Tavern/ModularFantasyHouse/Textures/T_Door_1_a.uasset" 131
"O:/UE4 Projects/Uni Projects/SneakTavernSim/Content/Tavern/ModularFantasyHouse/Textures/T_Door_1_AO_R_M.uasset" 132
"O:/UE4 Projects/Uni Projects/SneakTavernSim/Content/Tavern/ModularFantasyHouse/Textures/T_Door_1_n.uasset" 133
"O:/UE4 Projects/Uni Projects/SneakTavernSim/Content/Tavern/ModularFantasyHouse/Materials/M_Door_1.uasset" 134
"O:/UE4 Projects/Uni Projects/SneakTavernSim/Content/Tavern/ModularFantasyHouse/Meshes/SM_Door_1.uasset" 135
"O:/UE4 Projects/Uni Projects/SneakTavernSim/Content/ModularFantasyHouse/Meshes/SM_Door_1.uasset" 136
"O:/UE4 Projects/Uni Projects/SneakTavernSim/Content/Tavern/ModularFantasyHouse/Meshes/SM_Door_2.uasset" 137
"O:/UE4 Projects/Uni Projects/SneakTavernSim/Content/ModularFantasyHouse/Meshes/SM_Door_2.uasset" 138
"O:/UE4 Projects/Uni Projects/SneakTavernSim/Content/Tavern/ModularFantasyHouse/Meshes/SM_Fence_House_1m.uasset" 139
"O:/UE4 Projects/Uni Projects/SneakTavernSim/Content/ModularFantasyHouse/Meshes/SM_Fence_House_1m.uasset" 140
"O:/UE4 Projects/Uni Projects/SneakTavernSim/Content/Tavern/ModularFantasyHouse/Meshes/SM_Fence_House_1m_v2.uasset" 141
"O:/UE4 Projects/Uni Projects/SneakTavernSim/Content/ModularFantasyHouse/Meshes/SM_Fence_House_1m_v2.uasset" 142
"O:/UE4 Projects/Uni Projects/SneakTavernSim/Content/Tavern/ModularFantasyHouse/Meshes/SM_Fence_House_2m.uasset" 143
"O:/UE4 Projects/Uni Projects/SneakTavernSim/Content/ModularFantasyHouse/Meshes/SM_Fence_House_2m.uasset" 144
"O:/UE4 Projects/Uni Projects/SneakTavernSim/Content/Tavern/ModularFantasyHouse/Meshes/SM_Fence_House_2m_v2.uasset" 145
"O:/UE4 Projects/Uni Projects/SneakTavernSim/Content/ModularFantasyHouse/Meshes/SM_Fence_House_2m_v2.uasset" 146
"O:/UE4 Projects/Uni Projects/SneakTavernSim/Content/Tavern/ModularFantasyHouse/Meshes/SM_Fence_House_3m_1.uasset" 147
"O:/UE4 Projects/Uni Projects/SneakTavernSim/Content/ModularFantasyHouse/Meshes/SM_Fence_House_3m_1.uasset" 148
"O:/UE4 Projects/Uni Projects/SneakTavernSim/Content/Tavern/ModularFantasyHouse/Meshes/SM_Fence_House_3m_2.uasset" 149
"O:/UE4 Projects/Uni Projects/SneakTavernSim/Content/ModularFantasyHouse/Meshes/SM_Fence_House_3m_2.uasset" 150
"O:/UE4 Projects/Uni Projects/SneakTavernSim/Content/Tavern/ModularFantasyHouse/Meshes/SM_Fence_House_3m_v2_1.uasset" 151
"O:/UE4 Projects/Uni Projects/SneakTavernSim/Content/ModularFantasyHouse/Meshes/SM_Fence_House_3m_v2_1.uasset" 152
"O:/UE4 Projects/Uni Projects/SneakTavernSim/Content/Tavern/ModularFantasyHouse/Meshes/SM_Fence_House_3m_v2_2.uasset" 153
"O:/UE4 Projects/Uni Projects/SneakTavernSim/Content/ModularFantasyHouse/Meshes/SM_Fence_House_3m_v2_2.uasset" 154
"O:/UE4 Projects/Uni Projects/SneakTavernSim/Content/Tavern/ModularFantasyHouse/Meshes/SM_Floor_Wood_3x3m_2.uasset" 155
"O:/UE4 Projects/Uni Projects/SneakTavernSim/Content/ModularFantasyHouse/Meshes/SM_Floor_Wood_3x3m_2.uasset" 156
"O:/UE4 Projects/Uni Projects/SneakTavernSim/Content/Tavern/ModularFantasyHouse/Meshes/SM_Hovel.uasset" 157
"O:/UE4 Projects/Uni Projects/SneakTavernSim/Content/ModularFantasyHouse/Meshes/SM_Hovel.uasset" 158
"O:/UE4 Projects/Uni Projects/SneakTavernSim/Content/Tavern/ModularFantasyHouse/Meshes/SM_Roof_2_Left.uasset" 159
"O:/UE4 Projects/Uni Projects/SneakTavernSim/Content/ModularFantasyHouse/Meshes/SM_Roof_2_Left.uasset" 160
"O:/UE4 Projects/Uni Projects/SneakTavernSim/Content/Tavern/ModularFantasyHouse/Meshes/SM_Roof_2_Left_1m.uasset" 161
"O:/UE4 Projects/Uni Projects/SneakTavernSim/Content/ModularFantasyHouse/Meshes/SM_Roof_2_Left_1m.uasset" 162
"O:/UE4 Projects/Uni Projects/SneakTavernSim/Content/Tavern/ModularFantasyHouse/Meshes/SM_Roof_2_Left_2m.uasset" 163
"O:/UE4 Projects/Uni Projects/SneakTavernSim/Content/ModularFantasyHouse/Meshes/SM_Roof_2_Left_2m.uasset" 164
"O:/UE4 Projects/Uni Projects/SneakTavernSim/Content/Tavern/ModularFantasyHouse/Meshes/SM_Roof_2_Right.uasset" 165
"O:/UE4 Projects/Uni Projects/SneakTavernSim/Content/ModularFantasyHouse/Meshes/SM_Roof_2_Right.uasset" 166
"O:/UE4 Projects/Uni Projects/SneakTavernSim/Content/Tavern/ModularFantasyHouse/Meshes/SM_Roof_2_Right_1m.uasset" 167
"O:/UE4 Projects/Uni Projects/SneakTavernSim/Content/ModularFantasyHouse/Meshes/SM_Roof_2_Right_1m.uasset" 168
"O:/UE4 Projects/Uni Projects/SneakTavernSim/Content/Tavern/ModularFantasyHouse/Meshes/SM_Roof_2_Right_2m.uasset" 169
"O:/UE4 Projects/Uni Projects/SneakTavernSim/Content/ModularFantasyHouse/Meshes/SM_Roof_2_Right_2m.uasset" 170
"O:/UE4 Projects/Uni Projects/SneakTavernSim/Content/Tavern/ModularFantasyHouse/Meshes/SM_Roof_Bottom_Left.uasset" 171
"O:/UE4 Projects/Uni Projects/SneakTavernSim/Content/ModularFantasyHouse/Meshes/SM_Roof_Bottom_Left.uasset" 172
"O:/UE4 Projects/Uni Projects/SneakTavernSim/Content/Tavern/ModularFantasyHouse/Meshes/SM_Roof_Bottom_Left_1m.uasset" 173
"O:/UE4 Projects/Uni Projects/SneakTavernSim/Content/ModularFantasyHouse/Meshes/SM_Roof_Bottom_Left_1m.uasset" 174
"O:/UE4 Projects/Uni Projects/SneakTavernSim/Content/Tavern/ModularFantasyHouse/Meshes/SM_Roof_Bottom_Left_2m.uasset" 175
"O:/UE4 Projects/Uni Projects/SneakTavernSim/Content/ModularFantasyHouse/Meshes/SM_Roof_Bottom_Left_2m.uasset" 176
"O:/UE4 Projects/Uni Projects/SneakTavernSim/Content/Tavern/ModularFantasyHouse/Meshes/SM_Roof_Bottom_L_Corner.uasset" 177
"O:/UE4 Projects/Uni Projects/SneakTavernSim/Content/ModularFantasyHouse/Meshes/SM_Roof_Bottom_L_Corner.uasset" 178
"O:/UE4 Projects/Uni Projects/SneakTavernSim/Content/Tavern/ModularFantasyHouse/Meshes/SM_Roof_Bottom_Middle_Left.uasset" 179
"O:/UE4 Projects/Uni Projects/SneakTavernSim/Content/ModularFantasyHouse/Meshes/SM_Roof_Bottom_Middle_Left.uasset" 180
"O:/UE4 Projects/Uni Projects/SneakTavernSim/Content/Tavern/ModularFantasyHouse/Meshes/SM_Roof_Bottom_Middle_Right.uasset" 181
"O:/UE4 Projects/Uni Projects/SneakTavernSim/Content/ModularFantasyHouse/Meshes/SM_Roof_Bottom_Middle_Right.uasset" 182
"O:/UE4 Projects/Uni Projects/SneakTavernSim/Content/Tavern/ModularFantasyHouse/Meshes/SM_Roof_Bottom_Right.uasset" 183
"O:/UE4 Projects/Uni Projects/SneakTavernSim/Content/ModularFantasyHouse/Meshes/SM_Roof_Bottom_Right.uasset" 184
"O:/UE4 Projects/Uni Projects/SneakTavernSim/Content/Tavern/ModularFantasyHouse/Meshes/SM_Roof_Bottom_Right_1m.uasset" 185
"O:/UE4 Projects/Uni Projects/SneakTavernSim/Content/ModularFantasyHouse/Meshes/SM_Roof_Bottom_Right_1m.uasset" 186
"O:/UE4 Projects/Uni Projects/SneakTavernSim/Content/Tavern/ModularFantasyHouse/Meshes/SM_Roof_Bottom_Right_2m.uasset" 187
"O:/UE4 Projects/Uni Projects/SneakTavernSim/Content/ModularFantasyHouse/Meshes/SM_Roof_Bottom_Right_2m.uasset" 188
"O:/UE4 Projects/Uni Projects/SneakTavernSim/Content/Tavern/ModularFantasyHouse/Meshes/SM_Roof_Bottom_R_Corner.uasset" 189
"O:/UE4 Projects/Uni Projects/SneakTavernSim/Content/ModularFantasyHouse/Meshes/SM_Roof_Bottom_R_Corner.uasset" 190
"O:/UE4 Projects/Uni Projects/SneakTavernSim/Content/Tavern/ModularFantasyHouse/Meshes/SM_Roof_Corner_2_L.uasset" 191
"O:/UE4 Projects/Uni Projects/SneakTavernSim/Content/ModularFantasyHouse/Meshes/SM_Roof_Corner_2_L.uasset" 192
"O:/UE4 Projects/Uni Projects/SneakTavernSim/Content/Tavern/ModularFantasyHouse/Meshes/SM_Roof_Corner_2_R.uasset" 193
"O:/UE4 Projects/Uni Projects/SneakTavernSim/Content/ModularFantasyHouse/Meshes/SM_Roof_Corner_2_R.uasset" 194
"O:/UE4 Projects/Uni Projects/SneakTavernSim/Content/Tavern/ModularFantasyHouse/Meshes/SM_Roof_corner_L.uasset" 195
"O:/UE4 Projects/Uni Projects/SneakTavernSim/Content/ModularFantasyHouse/Meshes/SM_Roof_corner_L.uasset" 196
"O:/UE4 Projects/Uni Projects/SneakTavernSim/Content/Tavern/ModularFantasyHouse/Meshes/SM_Roof_corner_R.uasset" 197
"O:/UE4 Projects/Uni Projects/SneakTavernSim/Content/ModularFantasyHouse/Meshes/SM_Roof_corner_R.uasset" 198
"O:/UE4 Projects/Uni Projects/SneakTavernSim/Content/Tavern/ModularFantasyHouse/Meshes/SM_Roof_middle_Left.uasset" 199
"O:/UE4 Projects/Uni Projects/SneakTavernSim/Content/ModularFantasyHouse/Meshes/SM_Roof_middle_Left.uasset" 200
"O:/UE4 Projects/Uni Projects/SneakTavernSim/Content/Tavern/ModularFantasyHouse/Meshes/SM_Roof_middle_Right.uasset" 201
"O:/UE4 Projects/Uni Projects/SneakTavernSim/Content/ModularFantasyHouse/Meshes/SM_Roof_middle_Right.uasset" 202
"O:/UE4 Projects/Uni Projects/SneakTavernSim/Content/Tavern/ModularFantasyHouse/Meshes/SM_Roof_Top.uasset" 203
"O:/UE4 Projects/Uni Projects/SneakTavernSim/Content/ModularFantasyHouse/Meshes/SM_Roof_Top.uasset" 204
"O:/UE4 Projects/Uni Projects/SneakTavernSim/Content/Tavern/ModularFantasyHouse/Meshes/SM_Roof_Top_1m.uasset" 205
"O:/UE4 Projects/Uni Projects/SneakTavernSim/Content/ModularFantasyHouse/Meshes/SM_Roof_Top_1m.uasset" 206
"O:/UE4 Projects/Uni Projects/SneakTavernSim/Content/Tavern/ModularFantasyHouse/Meshes/SM_Roof_Top_2m.uasset" 207
"O:/UE4 Projects/Uni Projects/SneakTavernSim/Content/ModularFantasyHouse/Meshes/SM_Roof_Top_2m.uasset" 208
"O:/UE4 Projects/Uni Projects/SneakTavernSim/Content/Tavern/ModularFantasyHouse/Meshes/SM_Roof_Top_Beam_1m.uasset" 209
"O:/UE4 Projects/Uni Projects/SneakTavernSim/Content/ModularFantasyHouse/Meshes/SM_Roof_Top_Beam_1m.uasset" 210
"O:/UE4 Projects/Uni Projects/SneakTavernSim/Content/Tavern/ModularFantasyHouse/Meshes/SM_Roof_Top_Beam_2_7m.uasset" 211
"O:/UE4 Projects/Uni Projects/SneakTavernSim/Content/ModularFantasyHouse/Meshes/SM_Roof_Top_Beam_2_7m.uasset" 212
"O:/UE4 Projects/Uni Projects/SneakTavernSim/Content/Tavern/ModularFantasyHouse/Meshes/SM_Roof_Top_Beam_3m.uasset" 213
"O:/UE4 Projects/Uni Projects/SneakTavernSim/Content/ModularFantasyHouse/Meshes/SM_Roof_Top_Beam_3m.uasset" 214
"O:/UE4 Projects/Uni Projects/SneakTavernSim/Content/Tavern/ModularFantasyHouse/Meshes/SM_Roof_Top_for_extruded_floor_1m.uasset" 215
"O:/UE4 Projects/Uni Projects/SneakTavernSim/Content/ModularFantasyHouse/Meshes/SM_Roof_Top_for_extruded_floor_1m.uasset" 216
"O:/UE4 Projects/Uni Projects/SneakTavernSim/Content/Tavern/ModularFantasyHouse/Meshes/SM_Roof_Top_for_extruded_floor_2m.uasset" 217
"O:/UE4 Projects/Uni Projects/SneakTavernSim/Content/ModularFantasyHouse/Meshes/SM_Roof_Top_for_extruded_floor_2m.uasset" 218
"O:/UE4 Projects/Uni Projects/SneakTavernSim/Content/Tavern/ModularFantasyHouse/Meshes/SM_Roof_Top_for_extruded_floor_Middle.uasset" 219
"O:/UE4 Projects/Uni Projects/SneakTavernSim/Content/ModularFantasyHouse/Meshes/SM_Roof_Top_for_extruded_floor_Middle.uasset" 220
"O:/UE4 Projects/Uni Projects/SneakTavernSim/Content/Tavern/ModularFantasyHouse/Meshes/SM_Roof_Top_middle.uasset" 221
"O:/UE4 Projects/Uni Projects/SneakTavernSim/Content/ModularFantasyHouse/Meshes/SM_Roof_Top_middle.uasset" 222
"O:/UE4 Projects/Uni Projects/SneakTavernSim/Content/Tavern/ModularFantasyHouse/Meshes/SM_Stairs.uasset" 223
"O:/UE4 Projects/Uni Projects/SneakTavernSim/Content/ModularFantasyHouse/Meshes/SM_Stairs.uasset" 224
"O:/UE4 Projects/Uni Projects/SneakTavernSim/Content/Tavern/ModularFantasyHouse/Meshes/SM_Stairs_2.uasset" 225
"O:/UE4 Projects/Uni Projects/SneakTavernSim/Content/ModularFantasyHouse/Meshes/SM_Stairs_2.uasset" 226
"O:/UE4 Projects/Uni Projects/SneakTavernSim/Content/Tavern/ModularFantasyHouse/Meshes/SM_Support_for_the_second_floor.uasset" 227
"O:/UE4 Projects/Uni Projects/SneakTavernSim/Content/ModularFantasyHouse/Meshes/SM_Support_for_the_second_floor.uasset" 228
"O:/UE4 Projects/Uni Projects/SneakTavernSim/Content/Tavern/ModularFantasyHouse/Meshes/SM_Support_for_the_second_floor_2.uasset" 229
"O:/UE4 Projects/Uni Projects/SneakTavernSim/Content/ModularFantasyHouse/Meshes/SM_Support_for_the_second_floor_2.uasset" 230
"O:/UE4 Projects/Uni Projects/SneakTavernSim/Content/Tavern/ModularFantasyHouse/Meshes/SM_Wall_Stone.uasset" 231
"O:/UE4 Projects/Uni Projects/SneakTavernSim/Content/ModularFantasyHouse/Meshes/SM_Wall_Stone.uasset" 232
"O:/UE4 Projects/Uni Projects/SneakTavernSim/Content/Tavern/ModularFantasyHouse/Meshes/SM_Wall_Stone_Door.uasset" 233
"O:/UE4 Projects/Uni Projects/SneakTavernSim/Content/ModularFantasyHouse/Meshes/SM_Wall_Stone_Door.uasset" 234
"O:/UE4 Projects/Uni Projects/SneakTavernSim/Content/Tavern/ModularFantasyHouse/Meshes/SM_Wall_Stone_Door_with_Hingles.uasset" 235
"O:/UE4 Projects/Uni Projects/SneakTavernSim/Content/ModularFantasyHouse/Meshes/SM_Wall_Stone_Door_with_Hingles.uasset" 236
"O:/UE4 Projects/Uni Projects/SneakTavernSim/Content/Tavern/ModularFantasyHouse/Meshes/SM_Wall_Stone_Window_v1.uasset" 237
"O:/UE4 Projects/Uni Projects/SneakTavernSim/Content/ModularFantasyHouse/Meshes/SM_Wall_Stone_Window_v1.uasset" 238
"O:/UE4 Projects/Uni Projects/SneakTavernSim/Content/Tavern/ModularFantasyHouse/Meshes/SM_Wall_Stone_Window_v2.uasset" 239
"O:/UE4 Projects/Uni Projects/SneakTavernSim/Content/ModularFantasyHouse/Meshes/SM_Wall_Stone_Window_v2.uasset" 240
"O:/UE4 Projects/Uni Projects/SneakTavernSim/Content/Tavern/ModularFantasyHouse/Meshes/SM_Wall_Wood_Planks_1m_v1.uasset" 241
"O:/UE4 Projects/Uni Projects/SneakTavernSim/Content/ModularFantasyHouse/Meshes/SM_Wall_Wood_Planks_1m_v1.uasset" 242
"O:/UE4 Projects/Uni Projects/SneakTavernSim/Content/Tavern/ModularFantasyHouse/Meshes/SM_Wall_Wood_Planks_1m_v1_1.uasset" 243
"O:/UE4 Projects/Uni Projects/SneakTavernSim/Content/ModularFantasyHouse/Meshes/SM_Wall_Wood_Planks_1m_v1_1.uasset" 244
"O:/UE4 Projects/Uni Projects/SneakTavernSim/Content/Tavern/ModularFantasyHouse/Meshes/SM_Wall_Wood_Planks_1m_v2.uasset" 245
"O:/UE4 Projects/Uni Projects/SneakTavernSim/Content/ModularFantasyHouse/Meshes/SM_Wall_Wood_Planks_1m_v2.uasset" 246
"O:/UE4 Projects/Uni Projects/SneakTavernSim/Content/Tavern/ModularFantasyHouse/Meshes/SM_Wall_Wood_Planks_1m_v2_1.uasset" 247
"O:/UE4 Projects/Uni Projects/SneakTavernSim/Content/ModularFantasyHouse/Meshes/SM_Wall_Wood_Planks_1m_v2_1.uasset" 248
"O:/UE4 Projects/Uni Projects/SneakTavernSim/Content/Tavern/ModularFantasyHouse/Meshes/SM_Wall_Wood_Planks_v1.uasset" 249
"O:/UE4 Projects/Uni Projects/SneakTavernSim/Content/ModularFantasyHouse/Meshes/SM_Wall_Wood_Planks_v1.uasset" 250
"O:/UE4 Projects/Uni Projects/SneakTavernSim/Content/Tavern/ModularFantasyHouse/Meshes/SM_Wall_Wood_Planks_v1_1.uasset" 251
"O:/UE4 Projects/Uni Projects/SneakTavernSim/Content/ModularFantasyHouse/Meshes/SM_Wall_Wood_Planks_v1_1.uasset" 252
"O:/UE4 Projects/Uni Projects/SneakTavernSim/Content/Tavern/ModularFantasyHouse/Meshes/SM_Wall_Wood_Planks_v2.uasset" 253
"O:/UE4 Projects/Uni Projects/SneakTavernSim/Content/ModularFantasyHouse/Meshes/SM_Wall_Wood_Planks_v2.uasset" 254
"O:/UE4 Projects/Uni Projects/SneakTavernSim/Content/Tavern/ModularFantasyHouse/Meshes/SM_Wall_Wood_Planks_v2_1.uasset" 255
"O:/UE4 Projects/Uni Projects/SneakTavernSim/Content/ModularFantasyHouse/Meshes/SM_Wall_Wood_Planks_v2_1.uasset" 256
"O:/UE4 Projects/Uni Projects/SneakTavernSim/Content/Tavern/ModularFantasyHouse/Meshes/SM_Wall_Wood_Planks_v3.uasset" 257
"O:/UE4 Projects/Uni Projects/SneakTavernSim/Content/ModularFantasyHouse/Meshes/SM_Wall_Wood_Planks_v3.uasset" 258
"O:/UE4 Projects/Uni Projects/SneakTavernSim/Content/Tavern/ModularFantasyHouse/Meshes/SM_Wall_Wood_Planks_v3_1.uasset" 259
"O:/UE4 Projects/Uni Projects/SneakTavernSim/Content/ModularFantasyHouse/Meshes/SM_Wall_Wood_Planks_v3_1.uasset" 260
"O:/UE4 Projects/Uni Projects/SneakTavernSim/Content/Tavern/ModularFantasyHouse/Meshes/SM_Wall_Wood_Planks_Window_v1_1.uasset" 261
"O:/UE4 Projects/Uni Projects/SneakTavernSim/Content/ModularFantasyHouse/Meshes/SM_Wall_Wood_Planks_Window_v1_1.uasset" 262
"O:/UE4 Projects/Uni Projects/SneakTavernSim/Content/Tavern/ModularFantasyHouse/Meshes/SM_Wall_Wood_Planks_Window_v2.uasset" 263
"O:/UE4 Projects/Uni Projects/SneakTavernSim/Content/ModularFantasyHouse/Meshes/SM_Wall_Wood_Planks_Window_v2.uasset" 264
"O:/UE4 Projects/Uni Projects/SneakTavernSim/Content/ModularFantasyHouse/Materials/M_House.uasset" 265
"O:/UE4 Projects/Uni Projects/SneakTavernSim/Content/ModularFantasyHouse/Meshes/SM_Wood_Beam_1m.uasset" 266
"O:/UE4 Projects/Uni Projects/SneakTavernSim/Content/ModularFantasyHouse/Meshes/SM_Wood_Beam_3m.uasset" 267
"O:/UE4 Projects/Uni Projects/SneakTavernSim/Content/ModularFantasyHouse/Meshes/SM_Wood_Beam_3m_v1.uasset" 268
"O:/UE4 Projects/Uni Projects/SneakTavernSim/Content/ModularFantasyHouse/Meshes/SM_Wood_Beam_3m_v2.uasset" 269
"O:/UE4 Projects/Uni Projects/SneakTavernSim/Content/ModularFantasyHouse/Meshes/SM_Wood_Beam_3_2m.uasset" 270
"O:/UE4 Projects/Uni Projects/SneakTavernSim/Content/ModularFantasyHouse/Meshes/SM_Wood_Beam_3_2m_v1.uasset" 271
"O:/UE4 Projects/Uni Projects/SneakTavernSim/Content/ModularFantasyHouse/Meshes/SM_Wood_Beam_3_2m_v2.uasset" 272
"O:/UE4 Projects/Uni Projects/SneakTavernSim/Content/ModularFantasyHouse/Meshes/SM_Wood_Beam_3_2m_v3.uasset" 273
"O:/UE4 Projects/Uni Projects/SneakTavernSim/Content/ModularFantasyHouse/Meshes/SM_Wood_beam_ceiling_1m.uasset" 274
"O:/UE4 Projects/Uni Projects/SneakTavernSim/Content/ModularFantasyHouse/Meshes/SM_Wood_beam_ceiling_3m.uasset" 275
"O:/UE4 Projects/Uni Projects/SneakTavernSim/Content/Tavern/ModularFantasyHouse/Meshes/Props/SM_Bag.uasset" 276
"O:/UE4 Projects/Uni Projects/SneakTavernSim/Content/ModularFantasyHouse/Meshes/Props/SM_Bag.uasset" 277
"O:/UE4 Projects/Uni Projects/SneakTavernSim/Content/Tavern/ModularFantasyHouse/Meshes/Props/SM_Bags.uasset" 278
"O:/UE4 Projects/Uni Projects/SneakTavernSim/Content/ModularFantasyHouse/Meshes/Props/SM_Bags.uasset" 279
"O:/UE4 Projects/Uni Projects/SneakTavernSim/Content/Tavern/ModularFantasyHouse/Meshes/Props/SM_Bale.uasset" 280
"O:/UE4 Projects/Uni Projects/SneakTavernSim/Content/ModularFantasyHouse/Meshes/Props/SM_Bale.uasset" 281
"O:/UE4 Projects/Uni Projects/SneakTavernSim/Content/Tavern/ModularFantasyHouse/Meshes/Props/SM_Barrel.uasset" 282
"O:/UE4 Projects/Uni Projects/SneakTavernSim/Content/ModularFantasyHouse/Meshes/Props/SM_Barrel.uasset" 283
"O:/UE4 Projects/Uni Projects/SneakTavernSim/Content/Tavern/ModularFantasyHouse/Meshes/Props/SM_Barrel_Big.uasset" 284
"O:/UE4 Projects/Uni Projects/SneakTavernSim/Content/ModularFantasyHouse/Meshes/Props/SM_Barrel_Big.uasset" 285
"O:/UE4 Projects/Uni Projects/SneakTavernSim/Content/Tavern/ModularFantasyHouse/Meshes/Props/SM_Barrel_cap.uasset" 286
"O:/UE4 Projects/Uni Projects/SneakTavernSim/Content/ModularFantasyHouse/Meshes/Props/SM_Barrel_cap.uasset" 287
"O:/UE4 Projects/Uni Projects/SneakTavernSim/Content/Tavern/ModularFantasyHouse/Meshes/Props/SM_Barrel_opened.uasset" 288
"O:/UE4 Projects/Uni Projects/SneakTavernSim/Content/ModularFantasyHouse/Meshes/Props/SM_Barrel_opened.uasset" 289
"O:/UE4 Projects/Uni Projects/SneakTavernSim/Content/Tavern/ModularFantasyHouse/Meshes/Props/SM_Bed.uasset" 290
"O:/UE4 Projects/Uni Projects/SneakTavernSim/Content/ModularFantasyHouse/Meshes/Props/SM_Bed.uasset" 291
"O:/UE4 Projects/Uni Projects/SneakTavernSim/Content/Tavern/ModularFantasyHouse/Meshes/Props/SM_Bench.uasset" 292
"O:/UE4 Projects/Uni Projects/SneakTavernSim/Content/ModularFantasyHouse/Meshes/Props/SM_Bench.uasset" 293
"O:/UE4 Projects/Uni Projects/SneakTavernSim/Content/Tavern/ModularFantasyHouse/Meshes/Props/SM_Bottle_1.uasset" 294
"O:/UE4 Projects/Uni Projects/SneakTavernSim/Content/ModularFantasyHouse/Meshes/Props/SM_Bottle_1.uasset" 295
"O:/UE4 Projects/Uni Projects/SneakTavernSim/Content/Tavern/ModularFantasyHouse/Meshes/Props/SM_Bottle_2.uasset" 296
"O:/UE4 Projects/Uni Projects/SneakTavernSim/Content/ModularFantasyHouse/Meshes/Props/SM_Bottle_2.uasset" 297
"O:/UE4 Projects/Uni Projects/SneakTavernSim/Content/Tavern/ModularFantasyHouse/Meshes/Props/SM_Bottle_3.uasset" 298
"O:/UE4 Projects/Uni Projects/SneakTavernSim/Content/ModularFantasyHouse/Meshes/Props/SM_Bottle_3.uasset" 299
"O:/UE4 Projects/Uni Projects/SneakTavernSim/Content/Tavern/ModularFantasyHouse/Meshes/Props/SM_Bucket_1.uasset" 300
"O:/UE4 Projects/Uni Projects/SneakTavernSim/Content/ModularFantasyHouse/Meshes/Props/SM_Bucket_1.uasset" 301
"O:/UE4 Projects/Uni Projects/SneakTavernSim/Content/Tavern/ModularFantasyHouse/Meshes/Props/SM_Bucket_2.uasset" 302
"O:/UE4 Projects/Uni Projects/SneakTavernSim/Content/ModularFantasyHouse/Meshes/Props/SM_Bucket_2.uasset" 303
"O:/UE4 Projects/Uni Projects/SneakTavernSim/Content/Tavern/ModularFantasyHouse/Meshes/Props/SM_Candlestick.uasset" 304
"O:/UE4 Projects/Uni Projects/SneakTavernSim/Content/ModularFantasyHouse/Meshes/Props/SM_Candlestick.uasset" 305
"O:/UE4 Projects/Uni Projects/SneakTavernSim/Content/Tavern/ModularFantasyHouse/Meshes/Props/SM_Candle_1.uasset" 306
"O:/UE4 Projects/Uni Projects/SneakTavernSim/Content/ModularFantasyHouse/Meshes/Props/SM_Candle_1.uasset" 307
"O:/UE4 Projects/Uni Projects/SneakTavernSim/Content/Tavern/ModularFantasyHouse/Meshes/Props/SM_Candle_2.uasset" 308
"O:/UE4 Projects/Uni Projects/SneakTavernSim/Content/ModularFantasyHouse/Meshes/Props/SM_Candle_2.uasset" 309
"O:/UE4 Projects/Uni Projects/SneakTavernSim/Content/Tavern/ModularFantasyHouse/Meshes/Props/SM_Chair_1.uasset" 310
"O:/UE4 Projects/Uni Projects/SneakTavernSim/Content/ModularFantasyHouse/Meshes/Props/SM_Chair_1.uasset" 311
"O:/UE4 Projects/Uni Projects/SneakTavernSim/Content/Tavern/ModularFantasyHouse/Meshes/Props/SM_Fireplace.uasset" 312
"O:/UE4 Projects/Uni Projects/SneakTavernSim/Content/ModularFantasyHouse/Meshes/Props/SM_Fireplace.uasset" 313
"O:/UE4 Projects/Uni Projects/SneakTavernSim/Content/Tavern/ModularFantasyHouse/Meshes/Props/SM_House_Fireplace.uasset" 314
"O:/UE4 Projects/Uni Projects/SneakTavernSim/Content/ModularFantasyHouse/Meshes/Props/SM_House_Fireplace.uasset" 315
"O:/UE4 Projects/Uni Projects/SneakTavernSim/Content/Tavern/ModularFantasyHouse/Meshes/Props/SM_House_Fireplace_Second_Floor.uasset" 316
"O:/UE4 Projects/Uni Projects/SneakTavernSim/Content/ModularFantasyHouse/Meshes/Props/SM_House_Fireplace_Second_Floor.uasset" 317
"O:/UE4 Projects/Uni Projects/SneakTavernSim/Content/Tavern/ModularFantasyHouse/Meshes/Props/SM_House_Fireplace_Top_Part.uasset" 318
"O:/UE4 Projects/Uni Projects/SneakTavernSim/Content/ModularFantasyHouse/Meshes/Props/SM_House_Fireplace_Top_Part.uasset" 319
"O:/UE4 Projects/Uni Projects/SneakTavernSim/Content/Tavern/ModularFantasyHouse/Meshes/Props/SM_Jug.uasset" 320
"O:/UE4 Projects/Uni Projects/SneakTavernSim/Content/ModularFantasyHouse/Meshes/Props/SM_Jug.uasset" 321
"O:/UE4 Projects/Uni Projects/SneakTavernSim/Content/Tavern/ModularFantasyHouse/Meshes/Props/SM_Jug_2.uasset" 322
"O:/UE4 Projects/Uni Projects/SneakTavernSim/Content/ModularFantasyHouse/Meshes/Props/SM_Jug_2.uasset" 323
"O:/UE4 Projects/Uni Projects/SneakTavernSim/Content/Tavern/ModularFantasyHouse/Meshes/Props/SM_Knife.uasset" 324
"O:/UE4 Projects/Uni Projects/SneakTavernSim/Content/ModularFantasyHouse/Meshes/Props/SM_Knife.uasset" 325
"O:/UE4 Projects/Uni Projects/SneakTavernSim/Content/Tavern/ModularFantasyHouse/Meshes/Props/SM_Lamp.uasset" 326
"O:/UE4 Projects/Uni Projects/SneakTavernSim/Content/ModularFantasyHouse/Meshes/Props/SM_Lamp.uasset" 327
"O:/UE4 Projects/Uni Projects/SneakTavernSim/Content/Tavern/ModularFantasyHouse/Meshes/Props/SM_Lamp_Pillar.uasset" 328
"O:/UE4 Projects/Uni Projects/SneakTavernSim/Content/ModularFantasyHouse/Meshes/Props/SM_Lamp_Pillar.uasset" 329
"O:/UE4 Projects/Uni Projects/SneakTavernSim/Content/Tavern/ModularFantasyHouse/Meshes/Props/SM_Lamp_Wall.uasset" 330
"O:/UE4 Projects/Uni Projects/SneakTavernSim/Content/ModularFantasyHouse/Meshes/Props/SM_Lamp_Wall.uasset" 331
"O:/UE4 Projects/Uni Projects/SneakTavernSim/Content/Tavern/ModularFantasyHouse/Meshes/Props/SM_Metal_Cup.uasset" 332
"O:/UE4 Projects/Uni Projects/SneakTavernSim/Content/ModularFantasyHouse/Meshes/Props/SM_Metal_Cup.uasset" 333
"O:/UE4 Projects/Uni Projects/SneakTavernSim/Content/Tavern/ModularFantasyHouse/Meshes/Props/SM_Metal_Goblet.uasset" 334
"O:/UE4 Projects/Uni Projects/SneakTavernSim/Content/ModularFantasyHouse/Meshes/Props/SM_Metal_Goblet.uasset" 335
"O:/UE4 Projects/Uni Projects/SneakTavernSim/Content/Tavern/ModularFantasyHouse/Meshes/Props/SM_Metal_Goblet_2.uasset" 336
"O:/UE4 Projects/Uni Projects/SneakTavernSim/Content/ModularFantasyHouse/Meshes/Props/SM_Metal_Goblet_2.uasset" 337
"O:/UE4 Projects/Uni Projects/SneakTavernSim/Content/Tavern/ModularFantasyHouse/Meshes/Props/SM_Metal_Plate.uasset" 338
"O:/UE4 Projects/Uni Projects/SneakTavernSim/Content/ModularFantasyHouse/Meshes/Props/SM_Metal_Plate.uasset" 339
"O:/UE4 Projects/Uni Projects/SneakTavernSim/Content/Tavern/ModularFantasyHouse/Meshes/Props/SM_Shelf.uasset" 340
"O:/UE4 Projects/Uni Projects/SneakTavernSim/Content/ModularFantasyHouse/Meshes/Props/SM_Shelf.uasset" 341
"O:/UE4 Projects/Uni Projects/SneakTavernSim/Content/Tavern/ModularFantasyHouse/Meshes/Props/SM_Spoon.uasset" 342
"O:/UE4 Projects/Uni Projects/SneakTavernSim/Content/ModularFantasyHouse/Meshes/Props/SM_Spoon.uasset" 343
"O:/UE4 Projects/Uni Projects/SneakTavernSim/Content/Tavern/ModularFantasyHouse/Meshes/Props/SM_Stool.uasset" 344
"O:/UE4 Projects/Uni Projects/SneakTavernSim/Content/ModularFantasyHouse/Meshes/Props/SM_Stool.uasset" 345
"O:/UE4 Projects/Uni Projects/SneakTavernSim/Content/Tavern/ModularFantasyHouse/Meshes/Props/SM_Table_1.uasset" 346
"O:/UE4 Projects/Uni Projects/SneakTavernSim/Content/ModularFantasyHouse/Meshes/Props/SM_Table_1.uasset" 347
"O:/UE4 Projects/Uni Projects/SneakTavernSim/Content/Tavern/ModularFantasyHouse/Meshes/Props/SM_Table_2.uasset" 348
"O:/UE4 Projects/Uni Projects/SneakTavernSim/Content/ModularFantasyHouse/Meshes/Props/SM_Table_2.uasset" 349
"O:/UE4 Projects/Uni Projects/SneakTavernSim/Content/Tavern/ModularFantasyHouse/Meshes/Props/SM_Wall_Shelf.uasset" 350
"O:/UE4 Projects/Uni Projects/SneakTavernSim/Content/ModularFantasyHouse/Meshes/Props/SM_Wall_Shelf.uasset" 351
"O:/UE4 Projects/Uni Projects/SneakTavernSim/Content/Tavern/ModularFantasyHouse/Meshes/Props/SM_Wooden_box.uasset" 352
"O:/UE4 Projects/Uni Projects/SneakTavernSim/Content/ModularFantasyHouse/Meshes/Props/SM_Wooden_box.uasset" 353
"O:/UE4 Projects/Uni Projects/SneakTavernSim/Content/Tavern/ModularFantasyHouse/Meshes/Props/SM_Wooden_box_2.uasset" 354
"O:/UE4 Projects/Uni Projects/SneakTavernSim/Content/ModularFantasyHouse/Meshes/Props/SM_Wooden_box_2.uasset" 355
"O:/UE4 Projects/Uni Projects/SneakTavernSim/Content/Tavern/ModularFantasyHouse/Meshes/Props/SM_Wooden_Box_2_Cap.uasset" 356
"O:/UE4 Projects/Uni Projects/SneakTavernSim/Content/ModularFantasyHouse/Meshes/Props/SM_Wooden_Box_2_Cap.uasset" 357
"O:/UE4 Projects/Uni Projects/SneakTavernSim/Content/Tavern/ModularFantasyHouse/Meshes/Props/SM_Wooden_box_3.uasset" 358
"O:/UE4 Projects/Uni Projects/SneakTavernSim/Content/ModularFantasyHouse/Meshes/Props/SM_Wooden_box_3.uasset" 359
"O:/UE4 Projects/Uni Projects/SneakTavernSim/Content/Tavern/ModularFantasyHouse/Meshes/Props/SM_Wooden_cup_1.uasset" 360
"O:/UE4 Projects/Uni Projects/SneakTavernSim/Content/ModularFantasyHouse/Meshes/Props/SM_Wooden_cup_1.uasset" 361
"O:/UE4 Projects/Uni Projects/SneakTavernSim/Content/Tavern/ModularFantasyHouse/Meshes/Props/SM_Wooden_cup_2.uasset" 362
"O:/UE4 Projects/Uni Projects/SneakTavernSim/Content/ModularFantasyHouse/Meshes/Props/SM_Wooden_cup_2.uasset" 363
"O:/UE4 Projects/Uni Projects/SneakTavernSim/Content/Tavern/ModularFantasyHouse/Meshes/Props/SM_Wooden_Plate.uasset" 364
"O:/UE4 Projects/Uni Projects/SneakTavernSim/Content/ModularFantasyHouse/Meshes/Props/SM_Wooden_Plate.uasset" 365
"O:/UE4 Projects/Uni Projects/SneakTavernSim/Content/Tavern/ModularFantasyHouse/Meshes/Props/SM_Wooden_Plate_2.uasset" 366
"O:/UE4 Projects/Uni Projects/SneakTavernSim/Content/ModularFantasyHouse/Meshes/Props/SM_Wooden_Plate_2.uasset" 367
"O:/UE4 Projects/Uni Projects/SneakTavernSim/Content/ModularFantasyHouse/Textures/T_Bags_A.uasset" 368
"O:/UE4 Projects/Uni Projects/SneakTavernSim/Content/ModularFantasyHouse/Textures/T_Bags_AO_R_M.uasset" 369
"O:/UE4 Projects/Uni Projects/SneakTavernSim/Content/ModularFantasyHouse/Textures/T_Bags_N.uasset" 370
"O:/UE4 Projects/Uni Projects/SneakTavernSim/Content/ModularFantasyHouse/Textures/T_Barrel_Big_a.uasset" 371
"O:/UE4 Projects/Uni Projects/SneakTavernSim/Content/ModularFantasyHouse/Textures/T_Barrel_Big_AO_R_M.uasset" 372
"O:/UE4 Projects/Uni Projects/SneakTavernSim/Content/ModularFantasyHouse/Textures/T_Barrel_Big_n.uasset" 373
"O:/UE4 Projects/Uni Projects/SneakTavernSim/Content/ModularFantasyHouse/Textures/T_Bed_A.uasset" 374
"O:/UE4 Projects/Uni Projects/SneakTavernSim/Content/ModularFantasyHouse/Textures/T_Bed_AO_R_M.uasset" 375
"O:/UE4 Projects/Uni Projects/SneakTavernSim/Content/ModularFantasyHouse/Textures/T_Bed_N.uasset" 376
"O:/UE4 Projects/Uni Projects/SneakTavernSim/Content/ModularFantasyHouse/Textures/T_BlackPlaceHolder.uasset" 377
"O:/UE4 Projects/Uni Projects/SneakTavernSim/Content/ModularFantasyHouse/Textures/T_Door_1_a.uasset" 378
"O:/UE4 Projects/Uni Projects/SneakTavernSim/Content/ModularFantasyHouse/Textures/T_Door_1_AO_R_M.uasset" 379
"O:/UE4 Projects/Uni Projects/SneakTavernSim/Content/ModularFantasyHouse/Textures/T_Door_1_n.uasset" 380
"O:/UE4 Projects/Uni Projects/SneakTavernSim/Content/ModularFantasyHouse/Textures/T_Door_2_a.uasset" 381
"O:/UE4 Projects/Uni Projects/SneakTavernSim/Content/ModularFantasyHouse/Textures/T_Door_2_AO_R_M.uasset" 382
"O:/UE4 Projects/Uni Projects/SneakTavernSim/Content/ModularFantasyHouse/Textures/T_Door_2_N.uasset" 383
"O:/UE4 Projects/Uni Projects/SneakTavernSim/Content/ModularFantasyHouse/Textures/T_Fireplace_A.uasset" 384
"O:/UE4 Projects/Uni Projects/SneakTavernSim/Content/ModularFantasyHouse/Textures/T_Fireplace_AO_R_M.uasset" 385
"O:/UE4 Projects/Uni Projects/SneakTavernSim/Content/ModularFantasyHouse/Textures/T_Fireplace_N.uasset" 386
"O:/UE4 Projects/Uni Projects/SneakTavernSim/Content/ModularFantasyHouse/Textures/T_House_A.uasset" 387
"O:/UE4 Projects/Uni Projects/SneakTavernSim/Content/ModularFantasyHouse/Textures/T_House_Fireplace_A.uasset" 388
"O:/UE4 Projects/Uni Projects/SneakTavernSim/Content/ModularFantasyHouse/Textures/T_House_Fireplace_AO_R_M.uasset" 389
"O:/UE4 Projects/Uni Projects/SneakTavernSim/Content/ModularFantasyHouse/Textures/T_House_Fireplace_N.uasset" 390
"O:/UE4 Projects/Uni Projects/SneakTavernSim/Content/ModularFantasyHouse/Textures/T_House_N.uasset" 391
"O:/UE4 Projects/Uni Projects/SneakTavernSim/Content/ModularFantasyHouse/Textures/T_House_R.uasset" 392
"O:/UE4 Projects/Uni Projects/SneakTavernSim/Content/ModularFantasyHouse/Textures/T_Lamp_A.uasset" 393
"O:/UE4 Projects/Uni Projects/SneakTavernSim/Content/ModularFantasyHouse/Textures/T_Lamp_AO_R_M.uasset" 394
"O:/UE4 Projects/Uni Projects/SneakTavernSim/Content/ModularFantasyHouse/Textures/T_Lamp_N.uasset" 395
"O:/UE4 Projects/Uni Projects/SneakTavernSim/Content/ModularFantasyHouse/Textures/T_NormalPlaceHolder.uasset" 396
"O:/UE4 Projects/Uni Projects/SneakTavernSim/Content/ModularFantasyHouse/Textures/T_Sculpted_part_a.uasset" 397
"O:/UE4 Projects/Uni Projects/SneakTavernSim/Content/ModularFantasyHouse/Textures/T_Sculpted_part_n.uasset" 398
"O:/UE4 Projects/Uni Projects/SneakTavernSim/Content/ModularFantasyHouse/Textures/T_Sculpted_part_R.uasset" 399
"O:/UE4 Projects/Uni Projects/SneakTavernSim/Content/ModularFantasyHouse/Textures/T_Shelfs_and_Boxes_A.uasset" 400
"O:/UE4 Projects/Uni Projects/SneakTavernSim/Content/ModularFantasyHouse/Textures/T_Shelfs_and_Boxes_AO_R_M.uasset" 401
"O:/UE4 Projects/Uni Projects/SneakTavernSim/Content/ModularFantasyHouse/Textures/T_Shelfs_and_Boxes_N.uasset" 402
"O:/UE4 Projects/Uni Projects/SneakTavernSim/Content/ModularFantasyHouse/Textures/T_Tables_and_Chairs_A.uasset" 403
"O:/UE4 Projects/Uni Projects/SneakTavernSim/Content/ModularFantasyHouse/Textures/T_Tables_and_Chairs_AO_R_M.uasset" 404
"O:/UE4 Projects/Uni Projects/SneakTavernSim/Content/ModularFantasyHouse/Textures/T_Tables_and_Chairs_N.uasset" 405
"O:/UE4 Projects/Uni Projects/SneakTavernSim/Content/ModularFantasyHouse/Textures/T_Tableware_A.uasset" 406
"O:/UE4 Projects/Uni Projects/SneakTavernSim/Content/ModularFantasyHouse/Textures/T_Tableware_AO_R_M.uasset" 407
"O:/UE4 Projects/Uni Projects/SneakTavernSim/Content/ModularFantasyHouse/Textures/T_Tableware_N.uasset" 408
"O:/UE4 Projects/Uni Projects/SneakTavernSim/Content/ModularFantasyHouse/Textures/T_Windows_a.uasset" 409
"O:/UE4 Projects/Uni Projects/SneakTavernSim/Content/ModularFantasyHouse/Textures/T_Windows_AO_R_M.uasset" 410
"O:/UE4 Projects/Uni Projects/SneakTavernSim/Content/ModularFantasyHouse/Textures/T_Windows_n.uasset" 411
"O:/UE4 Projects/Uni Projects/SneakTavernSim/Content/ModularFantasyHouse/Textures/T_Wooden_Barrels_and_Boxes_a.uasset" 412
"O:/UE4 Projects/Uni Projects/SneakTavernSim/Content/ModularFantasyHouse/Textures/T_Wooden_Barrels_and_Boxes_AO_R_M.uasset" 413
"O:/UE4 Projects/Uni Projects/SneakTavernSim/Content/ModularFantasyHouse/Textures/T_Wooden_Barrels_and_Boxes_n.uasset" 414
"O:/UE4 Projects/Uni Projects/SneakTavernSim/Content/ModularFantasyHouse/Materials/M_Door_1.uasset" 415
"O:/UE4 Projects/Uni Projects/SneakTavernSim/Content/ModularFantasyHouse/Materials/M_Door_2.uasset" 416
"O:/UE4 Projects/Uni Projects/SneakTavernSim/Content/ModularFantasyHouse/Materials/M_Window_glass.uasset" 417
"O:/UE4 Projects/Uni Projects/SneakTavernSim/Content/ModularFantasyHouse/Materials/M_Windows.uasset" 418
"O:/UE4 Projects/Uni Projects/SneakTavernSim/Content/Tavern/Meshes/StaticMesh.uasset" 419
"O:/UE4 Projects/Uni Projects/SneakTavernSim/Content/Tavern/Meshes/StaticMesh1.uasset" 420
"O:/UE4 Projects/Uni Projects/SneakTavernSim/Content/Tavern/ModularFantasyHouse/Meshes/SM_Wood_Beam_1m.uasset" 421
"O:/UE4 Projects/Uni Projects/SneakTavernSim/Content/Tavern/ModularFantasyHouse/Meshes/SM_Wood_Beam_3m.uasset" 422
"O:/UE4 Projects/Uni Projects/SneakTavernSim/Content/Tavern/ModularFantasyHouse/Meshes/SM_Wood_Beam_3m_v1.uasset" 423
"O:/UE4 Projects/Uni Projects/SneakTavernSim/Content/Tavern/ModularFantasyHouse/Meshes/SM_Wood_Beam_3m_v2.uasset" 424
"O:/UE4 Projects/Uni Projects/SneakTavernSim/Content/Tavern/ModularFantasyHouse/Meshes/SM_Wood_Beam_3_2m.uasset" 425
"O:/UE4 Projects/Uni Projects/SneakTavernSim/Content/Tavern/ModularFantasyHouse/Meshes/SM_Wood_Beam_3_2m_v3.uasset" 426
"O:/UE4 Projects/Uni Projects/SneakTavernSim/Content/Tavern/ModularFantasyHouse/Meshes/SM_Wood_beam_ceiling_1m.uasset" 427
"O:/UE4 Projects/Uni Projects/SneakTavernSim/Content/Tavern/ModularFantasyHouse/Meshes/SM_Wood_beam_ceiling_3m.uasset" 428
"O:/UE4 Projects/Uni Projects/SneakTavernSim/Content/Tavern/StarterContent/Audio/Explosion02.uasset" 429
"O:/UE4 Projects/Uni Projects/SneakTavernSim/Content/Tavern/StarterContent/Audio/Explosion_Cue.uasset" 430
"O:/UE4 Projects/Uni Projects/SneakTavernSim/Content/Tavern/StarterContent/Audio/Fire_Sparks01.uasset" 431
"O:/UE4 Projects/Uni Projects/SneakTavernSim/Content/Tavern/StarterContent/Audio/Fire_Sparks01_Cue.uasset" 432
"O:/UE4 Projects/Uni Projects/SneakTavernSim/Content/Tavern/StarterContent/Audio/Light01.uasset" 433
"O:/UE4 Projects/Uni Projects/SneakTavernSim/Content/Tavern/StarterContent/Audio/Light01_Cue.uasset" 434
"O:/UE4 Projects/Uni Projects/SneakTavernSim/Content/Tavern/StarterContent/Audio/Light02.uasset" 435
"O:/UE4 Projects/Uni Projects/SneakTavernSim/Content/Tavern/StarterContent/Audio/Light02_Cue.uasset" 436
"O:/UE4 Projects/Uni Projects/SneakTavernSim/Content/Tavern/StarterContent/Audio/Smoke01.uasset" 437
"O:/UE4 Projects/Uni Projects/SneakTavernSim/Content/Tavern/StarterContent/Audio/Smoke01_Cue.uasset" 438
"O:/UE4 Projects/Uni Projects/SneakTavernSim/Content/Tavern/StarterContent/Audio/Steam01.uasset" 439
"O:/UE4 Projects/Uni Projects/SneakTavernSim/Content/Tavern/StarterContent/Audio/Steam01_Cue.uasset" 440
"O:/UE4 Projects/Uni Projects/SneakTavernSim/Content/Tavern/StarterContent/Particles/P_Ambient_Dust.uasset" 441
"O:/UE4 Projects/Uni Projects/SneakTavernSim/Content/Tavern/StarterContent/Particles/P_Smoke.uasset" 442
"O:/UE4 Projects/Uni Projects/SneakTavernSim/Content/Tavern/StarterContent/Particles/Materials/M_Burst.uasset" 443
"O:/UE4 Projects/Uni Projects/SneakTavernSim/Content/Tavern/StarterContent/Textures/T_Dust_Particle_D.uasset" 444
"O:/UE4 Projects/Uni Projects/SneakTavernSim/Content/Tavern/StarterContent/Particles/Materials/M_Dust_Particle.uasset" 445
"O:/UE4 Projects/Uni Projects/SneakTavernSim/Content/Tavern/StarterContent/Particles/Materials/M_explosion_subUV.uasset" 446
"O:/UE4 Projects/Uni Projects/SneakTavernSim/Content/Tavern/StarterContent/Particles/Materials/m_flare_01.uasset" 447
"O:/UE4 Projects/Uni Projects/SneakTavernSim/Content/Tavern/StarterContent/Particles/Materials/M_Heat_Distortion.uasset" 448
"../../../Engine/Content/Functions/Engine_MaterialFunctions01/Gradient/RadialGradient.uasset" 449
"O:/UE4 Projects/Uni Projects/SneakTavernSim/Content/Tavern/StarterContent/Particles/Materials/M_Radial_Gradient.uasset" 450
"O:/UE4 Projects/Uni Projects/SneakTavernSim/Content/Tavern/StarterContent/Particles/Materials/M_radial_ramp.uasset" 451
"O:/UE4 Projects/Uni Projects/SneakTavernSim/Content/Tavern/StarterContent/Textures/T_Smoke_SubUV.uasset" 452
"O:/UE4 Projects/Uni Projects/SneakTavernSim/Content/Tavern/StarterContent/Textures/T_Smoke_Tiled_D.uasset" 453
"O:/UE4 Projects/Uni Projects/SneakTavernSim/Content/Tavern/StarterContent/Particles/Materials/M_smoke_subUV.uasset" 454
"O:/UE4 Projects/Uni Projects/SneakTavernSim/Content/Tavern/StarterContent/Particles/Materials/M_Spark.uasset" 455
"O:/UE4 Projects/Uni Projects/SneakTavernSim/Content/Tavern/StarterContent/Audio/Explosion01.uasset" 456
"O:/UE4 Projects/Uni Projects/SneakTavernSim/Content/StarterContent/Audio/Explosion01.uasset" 457
"O:/UE4 Projects/Uni Projects/SneakTavernSim/Content/StarterContent/Audio/Explosion02.uasset" 458
"O:/UE4 Projects/Uni Projects/SneakTavernSim/Content/StarterContent/Audio/Fire01.uasset" 459
"O:/UE4 Projects/Uni Projects/SneakTavernSim/Content/StarterContent/Audio/Fire_Sparks01.uasset" 460
"O:/UE4 Projects/Uni Projects/SneakTavernSim/Content/StarterContent/Audio/Light01.uasset" 461
"O:/UE4 Projects/Uni Projects/SneakTavernSim/Content/StarterContent/Audio/Light01_Cue.uasset" 462
"O:/UE4 Projects/Uni Projects/SneakTavernSim/Content/StarterContent/Audio/Light02.uasset" 463
"O:/UE4 Projects/Uni Projects/SneakTavernSim/Content/StarterContent/Audio/Light02_Cue.uasset" 464
"O:/UE4 Projects/Uni Projects/SneakTavernSim/Content/StarterContent/Audio/Smoke01.uasset" 465
"O:/UE4 Projects/Uni Projects/SneakTavernSim/Content/StarterContent/Audio/Steam01.uasset" 466
"O:/UE4 Projects/Uni Projects/SneakTavernSim/Content/StarterContent/Audio/Explosion_Cue.uasset" 467
"O:/UE4 Projects/Uni Projects/SneakTavernSim/Content/StarterContent/Particles/Materials/M_Burst.uasset" 468
"O:/UE4 Projects/Uni Projects/SneakTavernSim/Content/StarterContent/Textures/T_Explosion_SubUV.uasset" 469
"O:/UE4 Projects/Uni Projects/SneakTavernSim/Content/StarterContent/Particles/Materials/M_explosion_subUV.uasset" 470
"O:/UE4 Projects/Uni Projects/SneakTavernSim/Content/StarterContent/Particles/Materials/m_flare_01.uasset" 471
"O:/UE4 Projects/Uni Projects/SneakTavernSim/Content/StarterContent/Textures/T_Smoke_SubUV.uasset" 472
"O:/UE4 Projects/Uni Projects/SneakTavernSim/Content/StarterContent/Textures/T_Smoke_Tiled_D.uasset" 473
"O:/UE4 Projects/Uni Projects/SneakTavernSim/Content/StarterContent/Particles/Materials/M_smoke_subUV.uasset" 474
"O:/UE4 Projects/Uni Projects/SneakTavernSim/Content/StarterContent/Particles/P_Explosion.uasset" 475
"O:/UE4 Projects/Uni Projects/SneakTavernSim/Content/StarterContent/Blueprints/Blueprint_Effect_Explosion.uasset" 476
"O:/UE4 Projects/Uni Projects/SneakTavernSim/Content/StarterContent/Audio/Fire01_Cue.uasset" 477
"O:/UE4 Projects/Uni Projects/SneakTavernSim/Content/StarterContent/Textures/T_Fire_SubUV.uasset" 478
"O:/UE4 Projects/Uni Projects/SneakTavernSim/Content/StarterContent/Textures/T_Fire_Tiled_D.uasset" 479
"O:/UE4 Projects/Uni Projects/SneakTavernSim/Content/StarterContent/Particles/Materials/M_Fire_SubUV.uasset" 480
"O:/UE4 Projects/Uni Projects/SneakTavernSim/Content/StarterContent/Particles/Materials/M_Heat_Distortion.uasset" 481
"O:/UE4 Projects/Uni Projects/SneakTavernSim/Content/StarterContent/Particles/Materials/M_Radial_Gradient.uasset" 482
"O:/UE4 Projects/Uni Projects/SneakTavernSim/Content/StarterContent/Particles/P_Fire.uasset" 483
"O:/UE4 Projects/Uni Projects/SneakTavernSim/Content/StarterContent/Blueprints/Blueprint_Effect_Fire.uasset" 484
"O:/UE4 Projects/Uni Projects/SneakTavernSim/Content/StarterContent/Audio/Smoke01_Cue.uasset" 485
"O:/UE4 Projects/Uni Projects/SneakTavernSim/Content/StarterContent/Particles/P_Smoke.uasset" 486
"O:/UE4 Projects/Uni Projects/SneakTavernSim/Content/StarterContent/Blueprints/Blueprint_Effect_Smoke.uasset" 487
"O:/UE4 Projects/Uni Projects/SneakTavernSim/Content/StarterContent/Audio/Fire_Sparks01_Cue.uasset" 488
"O:/UE4 Projects/Uni Projects/SneakTavernSim/Content/StarterContent/Textures/T_Spark_Core.uasset" 489
"O:/UE4 Projects/Uni Projects/SneakTavernSim/Content/StarterContent/Particles/Materials/M_Spark.uasset" 490
"O:/UE4 Projects/Uni Projects/SneakTavernSim/Content/StarterContent/Particles/P_Sparks.uasset" 491
"O:/UE4 Projects/Uni Projects/SneakTavernSim/Content/StarterContent/Blueprints/Blueprint_Effect_Sparks.uasset" 492
"O:/UE4 Projects/Uni Projects/SneakTavernSim/Content/StarterContent/Audio/Steam01_Cue.uasset" 493
"O:/UE4 Projects/Uni Projects/SneakTavernSim/Content/StarterContent/Particles/P_Steam_Lit.uasset" 494
"O:/UE4 Projects/Uni Projects/SneakTavernSim/Content/StarterContent/Blueprints/Blueprint_Effect_Steam.uasset" 495
"O:/UE4 Projects/Uni Projects/SneakTavernSim/Content/StarterContent/Textures/T_Dust_Particle_D.uasset" 496
"O:/UE4 Projects/Uni Projects/SneakTavernSim/Content/StarterContent/Particles/Materials/M_Dust_Particle.uasset" 497
"O:/UE4 Projects/Uni Projects/SneakTavernSim/Content/StarterContent/Particles/P_Ambient_Dust.uasset" 498
"O:/UE4 Projects/Uni Projects/SneakTavernSim/Content/StarterContent/Textures/T_Frame_M.uasset" 499
"O:/UE4 Projects/Uni Projects/SneakTavernSim/Content/StarterContent/Textures/T_Frame_N.uasset" 500
"O:/UE4 Projects/Uni Projects/SneakTavernSim/Content/StarterContent/Textures/T_Single_Tile_N.uasset" 501
"O:/UE4 Projects/Uni Projects/SneakTavernSim/Content/AI/GuardSuspicion.uasset" 502
"O:/UE4 Projects/Uni Projects/SneakTavernSim/Content/AI/BaseAI.uasset" 503
"O:/UE4 Projects/Uni Projects/SneakTavernSim/Content/AI/GUARD_BB.uasset" 504
"O:/UE4 Projects/Uni Projects/SneakTavernSim/Content/AI/Tasks/ChasePlayer.uasset" 505
"O:/UE4 Projects/Uni Projects/SneakTavernSim/Content/AI/Tasks/DecrementPathIndex.uasset" 506
"O:/UE4 Projects/Uni Projects/SneakTavernSim/Content/AI/PatrolPath.uasset" 507
"O:/UE4 Projects/Uni Projects/SneakTavernSim/Content/AI/Tasks/FindPathPoint.uasset" 508
"O:/UE4 Projects/Uni Projects/SneakTavernSim/Content/AI/Tasks/FindPlayerLoc.uasset" 509
"O:/UE4 Projects/Uni Projects/SneakTavernSim/Content/AI/Tasks/IncrementPathIndex.uasset" 510
"O:/UE4 Projects/Uni Projects/SneakTavernSim/Content/AI/Tasks/LoopPath.uasset" 511
"O:/UE4 Projects/Uni Projects/SneakTavernSim/Content/AI/GUARD_BT.uasset" 512
"O:/UE4 Projects/Uni Projects/SneakTavernSim/Content/AI/GuardController.uasset" 513
"O:/UE4 Projects/Uni Projects/SneakTavernSim/Content/AI/BaseGuard.uasset" 514
"O:/UE4 Projects/Uni Projects/SneakTavernSim/Content/AI/BaseBarMan.uasset" 515
"O:/UE4 Projects/Uni Projects/SneakTavernSim/Content/AI/BasePatron.uasset" 516
"O:/UE4 Projects/Uni Projects/SneakTavernSim/Content/AI/IllegalArea.uasset" 517
"O:/UE4 Projects/Uni Projects/SneakTavernSim/Content/AI/BarMan/BarMainInterface.uasset" 518
"O:/UE4 Projects/Uni Projects/SneakTavernSim/Content/AI/BarMan/BarManDialogue.uasset" 519
"O:/UE4 Projects/Uni Projects/SneakTavernSim/Content/EquippiableItems/EquipableInterface.uasset" 520
"../../../Engine/Content/BasicShapes/BasicShapeMaterial.uasset" 521
"../../../Engine/Content/Functions/Engine_MaterialFunctions01/Opacity/CameraDepthFade.uasset" 522
"../../../Engine/Content/EngineMaterials/T_Default_Material_Grid_M.uasset" 523
"../../../Engine/Content/EngineMaterials/T_Default_Material_Grid_N.uasset" 524
"../../../Engine/Content/EngineMaterials/WorldGridMaterial.uasset" 525
"../../../Engine/Content/BasicShapes/Cube.uasset" 526
"O:/UE4 Projects/Uni Projects/SneakTavernSim/Content/EquippiableItems/BaseEquipable.uasset" 527
"O:/UE4 Projects/Uni Projects/SneakTavernSim/Content/EquippiableItems/Structs+Tables/EquippableStruct.uasset" 528
"O:/UE4 Projects/Uni Projects/SneakTavernSim/Content/EquippiableItems/Structs+Tables/EquippableDataTable.uasset" 529
"O:/UE4 Projects/Uni Projects/SneakTavernSim/Content/Inventory/PlayerInventoryInterface.uasset" 530
"O:/UE4 Projects/Uni Projects/SneakTavernSim/Content/Items/14738_1460058297.uasset" 531
"O:/UE4 Projects/Uni Projects/SneakTavernSim/Content/Items/ItemInterface.uasset" 532
"O:/UE4 Projects/Uni Projects/SneakTavernSim/Content/Items/BaseItem.uasset" 533
"O:/UE4 Projects/Uni Projects/SneakTavernSim/Content/Items/BasePickupableItem_Auto2.uasset" 534
"O:/UE4 Projects/Uni Projects/SneakTavernSim/Content/Items/Icons/AngelIronIcon.uasset" 535
"O:/UE4 Projects/Uni Projects/SneakTavernSim/Content/Items/Icons/AxeIcon.uasset" 536
"O:/UE4 Projects/Uni Projects/SneakTavernSim/Content/Items/Icons/ConcreteBeamIcon.uasset" 537
"O:/UE4 Projects/Uni Projects/SneakTavernSim/Content/Items/Icons/CorrugatedIronIcon.uasset" 538
"O:/UE4 Projects/Uni Projects/SneakTavernSim/Content/Items/Icons/DrywallIcon.uasset" 539
"O:/UE4 Projects/Uni Projects/SneakTavernSim/Content/Items/Icons/HandSawIcon.uasset" 540
"O:/UE4 Projects/Uni Projects/SneakTavernSim/Content/Items/Icons/IBeamIcon.uasset" 541
"O:/UE4 Projects/Uni Projects/SneakTavernSim/Content/Items/Icons/logIcon.uasset" 542
"O:/UE4 Projects/Uni Projects/SneakTavernSim/Content/Items/Icons/NailIcon.uasset" 543
"O:/UE4 Projects/Uni Projects/SneakTavernSim/Content/Items/Icons/PlyWoodIcon.uasset" 544
"O:/UE4 Projects/Uni Projects/SneakTavernSim/Content/Items/Icons/RockIcon.uasset" 545
"O:/UE4 Projects/Uni Projects/SneakTavernSim/Content/Items/Icons/RustyIngotIcon.uasset" 546
"O:/UE4 Projects/Uni Projects/SneakTavernSim/Content/Items/Icons/WoodCrateIcon.uasset" 547
"O:/UE4 Projects/Uni Projects/SneakTavernSim/Content/Items/Icons/WoodPlankIcon.uasset" 548
"O:/UE4 Projects/Uni Projects/SneakTavernSim/Content/Items/Meshs/AngleIron.uasset" 549
"O:/UE4 Projects/Uni Projects/SneakTavernSim/Content/Items/Meshs/ConcreteBeam.uasset" 550
"O:/UE4 Projects/Uni Projects/SneakTavernSim/Content/Items/Meshs/CorrugatedIron.uasset" 551
"O:/UE4 Projects/Uni Projects/SneakTavernSim/Content/Items/Meshs/IBeam.uasset" 552
"O:/UE4 Projects/Uni Projects/SneakTavernSim/Content/Items/Meshs/IronIngot.uasset" 553
"O:/UE4 Projects/Uni Projects/SneakTavernSim/Content/Items/Meshs/MetalPole.uasset" 554
"O:/UE4 Projects/Uni Projects/SneakTavernSim/Content/Items/Meshs/Rock.uasset" 555
"O:/UE4 Projects/Uni Projects/SneakTavernSim/Content/Items/Meshs/RustyIngot.uasset" 556
"O:/UE4 Projects/Uni Projects/SneakTavernSim/Content/Items/Meshs/WoodPlank.uasset" 557
"O:/UE4 Projects/Uni Projects/SneakTavernSim/Content/Items/Meshs/Wood/log.uasset" 558
"O:/UE4 Projects/Uni Projects/SneakTavernSim/Content/Items/Meshs/Wood/logBase.uasset" 559
"O:/UE4 Projects/Uni Projects/SneakTavernSim/Content/Items/Meshs/Wood/LogMaterial.uasset" 560
"O:/UE4 Projects/Uni Projects/SneakTavernSim/Content/Items/Meshs/Wood/LogThumbnail.uasset" 561
"O:/UE4 Projects/Uni Projects/SneakTavernSim/Content/Lockpick/LockpickDifficulty.uasset" 562
"O:/UE4 Projects/Uni Projects/SneakTavernSim/Content/Lockpick/LockpickInterface.uasset" 563
"O:/UE4 Projects/Uni Projects/SneakTavernSim/Content/Player/StealthStatus.uasset" 564
"O:/UE4 Projects/Uni Projects/SneakTavernSim/Content/Utility/GameInstInterface.uasset" 565
"O:/UE4 Projects/Uni Projects/SneakTavernSim/Content/EquippiableItems/EquippableItem.uasset" 566
"O:/UE4 Projects/Uni Projects/SneakTavernSim/Content/EquippiableItems/EquippableItemDataTable.uasset" 567
"O:/UE4 Projects/Uni Projects/SneakTavernSim/Content/Player/Player.uasset" 568
"O:/UE4 Projects/Uni Projects/SneakTavernSim/Content/Utility/SaveGame/PlayerSaveInfo.uasset" 569
"O:/UE4 Projects/Uni Projects/SneakTavernSim/Content/Player/PlayerControllerInterface.uasset" 570
"O:/UE4 Projects/Uni Projects/SneakTavernSim/Content/Player/MYPlayerController.uasset" 571
"O:/UE4 Projects/Uni Projects/SneakTavernSim/Content/Utility/SneakTavernGameMode.uasset" 572
"O:/UE4 Projects/Uni Projects/SneakTavernSim/Content/Utility/SaveGame/AISaveInfo.uasset" 573
"O:/UE4 Projects/Uni Projects/SneakTavernSim/Content/Utility/SaveGame/SneakTavernSaveGame.uasset" 574
"O:/UE4 Projects/Uni Projects/SneakTavernSim/Content/Utility/TavenrSneakGameInst.uasset" 575
"O:/UE4 Projects/Uni Projects/SneakTavernSim/Content/Utility/SaveGame/SaveGameSlot.uasset" 576
"../../../Engine/Content/Animation/DefaultAnimCurveCompressionSettings.uasset" 577
"../../../Engine/Content/ArtTools/RenderToTexture/Meshes/S_1_Unit_Plane.uasset" 578
"../../../Engine/Content/EngineMaterials/DefaultMaterial.uasset" 579
"../../../Engine/Content/BasicShapes/Cone.uasset" 580
"../../../Engine/Content/BasicShapes/Cylinder.uasset" 581
"../../../Engine/Content/BasicShapes/Sphere.uasset" 582
"../../../Engine/Content/EditorLandscapeResources/DataLayer.uasset" 583
"../../../Engine/Content/EditorMaterials/MAT_Groups_Toggle.uasset" 584
"../../../Engine/Content/EditorMaterials/MAT_Groups_Visibility.uasset" 585
"../../../Engine/Content/EditorMaterials/PreviewShadowIndicator.uasset" 586
"../../../Engine/Content/EditorMaterials/PreviewShadowIndicatorMaterial.uasset" 587
"../../../Engine/Content/EditorMaterials/MatineeGroups/MAT_ColorTrack.uasset" 588
"../../../Engine/Content/EditorMaterials/MatineeGroups/MAT_Groups_Anim.uasset" 589
"../../../Engine/Content/EditorMaterials/MatineeGroups/MAT_Groups_AudioMaster.uasset" 590
"../../../Engine/Content/EditorMaterials/MatineeGroups/MAT_Groups_Director.uasset" 591
"../../../Engine/Content/EditorMaterials/MatineeGroups/MAT_Groups_Event.uasset" 592
"../../../Engine/Content/EditorMaterials/MatineeGroups/MAT_Groups_Fade.uasset" 593
"../../../Engine/Content/EditorMaterials/MatineeGroups/MAT_Groups_Float.uasset" 594
"../../../Engine/Content/EditorMaterials/MatineeGroups/MAT_Groups_Move.uasset" 595
"../../../Engine/Content/EditorMaterials/MatineeGroups/MAT_Groups_Slomo.uasset" 596
"../../../Engine/Content/EditorMaterials/MatineeGroups/MAT_Groups_Sound.uasset" 597
"../../../Engine/Content/EditorMaterials/MatineeGroups/MAT_Groups_Vector.uasset" 598
"../../../Engine/Content/EditorMaterials/ParticleSystems/PSysThumbnail_NoImage.uasset" 599
"../../../Engine/Content/EditorMaterials/ParticleSystems/PSysThumbnail_OOD.uasset" 600
"../../../Engine/Content/EditorMaterials/Camera/CineMat.uasset" 601
"../../../Engine/Content/EditorMaterials/Camera/MI_CineMat_Rig.uasset" 602
"../../../Engine/Content/EditorMeshes/Camera/SM_CraneRig_Arm.uasset" 603
"../../../Engine/Content/EditorMeshes/Camera/SM_CraneRig_Base.uasset" 604
"../../../Engine/Content/EditorMeshes/Camera/SM_CraneRig_Body.uasset" 605
"../../../Engine/Content/EditorMeshes/Camera/SM_CraneRig_Mount.uasset" 606
"../../../Engine/Content/EditorMeshes/Camera/SM_RailRig_Mount.uasset" 607
"../../../Engine/Content/EditorMeshes/Camera/SM_RailRig_Track.uasset" 608
"../../../Engine/Content/EditorResources/BSPVertex.uasset" 609
"../../../Engine/Content/EditorResources/EmptyActor.uasset" 610
"../../../Engine/Content/EditorResources/S_Actor.uasset" 611
"../../../Engine/Content/EditorResources/S_Note.uasset" 612
"../../../Engine/Content/EditorResources/S_Solver.uasset" 613
"../../../Engine/Content/EditorResources/S_Trigger.uasset" 614
"../../../Engine/Content/EditorResources/AudioIcons/S_AudioComponent_AutoActivate.uasset" 615
"../../../Engine/Content/EditorResources/LightIcons/S_LightError.uasset" 616
"../../../Engine/Content/EditorResources/SequenceRecorder/Countdown.uasset" 617
"../../../Engine/Content/EditorResources/SequenceRecorder/RecordingIndicator.uasset" 618
"../../../Engine/Content/EditorSounds/Notifications/CompileFailed.uasset" 619
"../../../Engine/Content/EditorSounds/Notifications/CompileFailed_Cue.uasset" 620
"../../../Engine/Content/EditorSounds/Notifications/CompileSuccess.uasset" 621
"../../../Engine/Content/EditorSounds/Notifications/CompileStart_Cue.uasset" 622
"../../../Engine/Content/EditorSounds/Notifications/CompileSuccess_Cue.uasset" 623
"../../../Engine/Content/EngineDamageTypes/DmgTypeBP_Environmental.uasset" 624
"../../../Engine/Content/EngineDebugMaterials/DebugEditorMaterial.uasset" 625
"../../../Engine/Content/EngineDebugMaterials/DebugMeshMaterial.uasset" 626
"../../../Engine/Content/EngineDebugMaterials/M_SimpleUnlitTranslucent.uasset" 627
"../../../Engine/Content/Functions/Engine_MaterialFunctions02/Utility/CameraDirectionVector.uasset" 628
"../../../Engine/Content/EngineDebugMaterials/VolumeToRender.uasset" 629
"../../../Engine/Content/EngineDebugMaterials/M_VolumeRenderSphereTracePP.uasset" 630
"../../../Engine/Content/EngineDebugMaterials/WireframeMaterial.uasset" 631
"../../../Engine/Content/EngineFonts/Faces/DroidSansFallback.uasset" 632
"../../../Engine/Content/EngineFonts/Faces/RobotoBold.uasset" 633
"../../../Engine/Content/EngineFonts/Faces/RobotoBoldItalic.uasset" 634
"../../../Engine/Content/EngineFonts/Faces/RobotoItalic.uasset" 635
"../../../Engine/Content/EngineFonts/Faces/RobotoLight.uasset" 636
"../../../Engine/Content/EngineFonts/Faces/RobotoRegular.uasset" 637
"../../../Engine/Content/EngineFonts/Roboto.uasset" 638
"../../../Engine/Content/EngineMaterials/BaseFlattenDiffuseMap.uasset" 639
"../../../Engine/Content/EngineMaterials/BaseFlattenEmissiveMap.uasset" 640
"../../../Engine/Content/EngineMaterials/BaseFlattenGrayscaleMap.uasset" 641
"../../../Engine/Content/EngineMaterials/BaseFlattenNormalMap.uasset" 642
"../../../Engine/Content/EngineMaterials/BaseFlattenMaterial.uasset" 643
"../../../Engine/Content/EngineMaterials/BlueNoise.uasset" 644
"../../../Engine/Content/EngineMaterials/DefaultBloomKernel.uasset" 645
"../../../Engine/Content/EngineMaterials/DefaultBokeh.uasset" 646
"../../../Engine/Content/EngineMaterials/DefaultDiffuse.uasset" 647
"../../../Engine/Content/EngineMaterials/DefaultDeferredDecalMaterial.uasset" 648
"../../../Engine/Content/EngineMaterials/DefaultLightFunctionMaterial.uasset" 649
"../../../Engine/Content/Functions/Engine_MaterialFunctions02/Utility/BreakOutFloat2Components.uasset" 650
"../../../Engine/Content/EngineMaterials/DefaultPostProcessMaterial.uasset" 651
"../../../Engine/Content/EngineFonts/RobotoDistanceField.uasset" 652
"../../../Engine/Content/EngineMaterials/DefaultTextMaterialOpaque.uasset" 653
"../../../Engine/Content/EngineMaterials/DefaultWhiteGrid.uasset" 654
"../../../Engine/Content/EngineMaterials/DefaultWhiteGrid_Low.uasset" 655
"../../../Engine/Content/EngineMaterials/EmissiveMeshMaterial.uasset" 656
"../../../Engine/Content/EngineMaterials/GizmoMaterial.uasset" 657
"../../../Engine/Content/EngineMaterials/Good64x64TilingNoiseHighFreq.uasset" 658
"../../../Engine/Content/EngineMaterials/MiniFont.uasset" 659
"../../../Engine/Content/EngineMaterials/InvalidLightmapSettings.uasset" 660
"../../../Engine/Content/EngineMaterials/M_InvalidLightmapSettings.uasset" 661
"../../../Engine/Content/Functions/Engine_MaterialFunctions02/WorldPositionOffset/CameraOffset.uasset" 662
"../../../Engine/Content/EngineMaterials/PhAT_JointLimitMaterial.uasset" 663
"../../../Engine/Content/EngineMaterials/PreintegratedSkinBRDF.uasset" 664
"../../../Engine/Content/EngineMaterials/RemoveSurfaceMaterial.uasset" 665
"../../../Engine/Content/EngineMaterials/WeightMapPlaceholderTexture.uasset" 666
"../../../Engine/Content/EngineResources/WhiteSquareTexture.uasset" 667
"../../../Engine/Content/EngineMaterials/Widget3DPassThrough.uasset" 668
"../../../Engine/Content/EngineMaterials/Widget3DPassThrough_Masked.uasset" 669
"../../../Engine/Content/EngineMaterials/Widget3DPassThrough_Opaque.uasset" 670
"../../../Engine/Content/EngineMaterials/Widget3DPassThrough_Masked_OneSided.uasset" 671
"../../../Engine/Content/EngineMaterials/Widget3DPassThrough_Opaque_OneSided.uasset" 672
"../../../Engine/Content/EngineMaterials/Widget3DPassThrough_Translucent.uasset" 673
"../../../Engine/Content/EngineMaterials/Widget3DPassThrough_Translucent_OneSided.uasset" 674
"../../../Engine/Content/EngineMeshes/Cylinder.uasset" 675
"../../../Engine/Content/EngineMeshes/Sphere.uasset" 676
"../../../Engine/Content/EngineResources/Black.uasset" 677
"../../../Engine/Content/EngineResources/DefaultTexture.uasset" 678
"../../../Engine/Content/EngineResources/DefaultTextureCube.uasset" 679
"../../../Engine/Content/EngineResources/DefaultVolumeTexture2D.uasset" 680
"../../../Engine/Content/EngineResources/DefaultVolumeTexture.uasset" 681
"../../../Engine/Content/EngineResources/GradientTexture0.uasset" 682
"../../../Engine/Content/EngineSounds/Master.uasset" 683
"../../../Engine/Content/Functions/Engine_MaterialFunctions01/Shading/ConvertFromDiffSpec.uasset" 684
"../../../Engine/Content/Functions/Engine_MaterialFunctions01/Shading/PowerToRoughness.uasset" 685
"../../../Engine/Content/Maps/Templates/Thumbnails/Default.uasset" 686
"../../../Engine/Content/Maps/Templates/Thumbnails/TimeOfDay.uasset" 687
"../../../Engine/Content/Maps/Templates/Thumbnails/VR-Basic.uasset" 688
"../../../Engine/Content/MobileResources/T_MobileControls_texture.uasset" 689
"../../../Engine/Content/MobileResources/T_MobileMenu2.uasset" 690
"../../../Engine/Content/MobileResources/HUD/AnalogHat.uasset" 691
"../../../Engine/Content/MobileResources/HUD/VirtualJoystick_Background.uasset" 692
"../../../Engine/Content/MobileResources/HUD/VirtualJoystick_Thumb.uasset" 693
"../../../Engine/Content/MobileResources/HUD/DefaultVirtualJoysticks.uasset" 694
"../../../Engine/Content/MobileResources/HUD/LeftVirtualJoystickOnly.uasset" 695
"../../../Engine/Content/MobileResources/HUD/MobileHUDButton1_off.uasset" 696
"../../../Engine/Content/MobileResources/HUD/MobileHUDButton1_on.uasset" 697
"../../../Engine/Content/MobileResources/HUD/MobileHUDButton2_off.uasset" 698
"../../../Engine/Content/MobileResources/HUD/MobileHUDButton2_on.uasset" 699
"../../../Engine/Content/MobileResources/HUD/MobileHUDButton3.uasset" 700
"../../../Engine/Content/MobileResources/HUD/MobileHUDButtonFire.uasset" 701
"../../../Engine/Content/MobileResources/HUD/MobileHUDDirectionPad.uasset" 702
"../../../Engine/Content/MobileResources/HUD/MobileHUDDirectionPad2.uasset" 703
"../../../Engine/Content/MobileResources/HUD/MobileHUDDirectionPad3.uasset" 704
"../../../Engine/Content/MobileResources/HUD/MobileHUDDirectionStick.uasset" 705
"../../../Engine/Content/MobileResources/HUD/T_Castle_ThumbstickInner.uasset" 706
"../../../Engine/Content/MobileResources/HUD/T_Castle_ThumbstickOutter.uasset" 707
"../../../Engine/Content/Tutorial/ContentIntroCurve.uasset" 708
"../../../Engine/Content/Tutorial/Basics/LevelEditorAttract.uasset" 709
"../../../Engine/Content/Tutorial/Installation/InstallingVisualStudioTutorial.uasset" 710
"../../../Engine/Content/VREditor/LaserPointer/VR_LaserPower_01.uasset" 711
"../../../Engine/Content/VREditor/TransformGizmo/TransformGizmoMaterial.uasset" 712
"../../../Engine/Content/VREditor/TransformGizmo/TranslucentTransformGizmoMaterial.uasset" 713
"../../../Engine/Content/VREditor/TransformGizmo/BoundingBoxCorner.uasset" 714
"../../../Engine/Content/VREditor/TransformGizmo/BoundingBoxEdge.uasset" 715
"../../../Engine/Content/VREditor/TransformGizmo/PlaneTranslationHandle.uasset" 716
"../../../Engine/Content/VREditor/TransformGizmo/Main.uasset" 717
"../../../Engine/Content/VREditor/TransformGizmo/Xray.uasset" 718
"../../../Engine/Content/VREditor/TransformGizmo/SM_Sequencer_Key.uasset" 719
"../../../Engine/Content/VREditor/TransformGizmo/SM_Sequencer_Node.uasset" 720
"../../Plugins/2D/Paper2D/Content/PlaceholderTextures/DummySpriteTexture.uasset" 721
"../../Plugins/2D/Paper2D/Content/DummySprite.uasset" 722
"../../Plugins/2D/Paper2D/Content/DefaultPaperTerrainMaterial.uasset" 723
"../../Plugins/2D/Paper2D/Content/DefaultSpriteMaterial.uasset" 724
"../../Plugins/2D/Paper2D/Content/MaskedUnlitSpriteMaterial.uasset" 725
"../../Plugins/2D/Paper2D/Content/OpaqueUnlitSpriteMaterial.uasset" 726
"../../Plugins/FX/Niagara/Content/Enums/ENiagaraBooleanLogicOps.uasset" 727
"../../Plugins/FX/Niagara/Content/Enums/ENiagaraCoordinateSpace.uasset" 728
"../../Plugins/FX/Niagara/Content/Enums/ENiagaraExpansionMode.uasset" 729
"../../Plugins/FX/Niagara/Content/Enums/ENiagaraOrientationAxis.uasset" 730
"../../Plugins/FX/Niagara/Content/Enums/ENiagaraRandomnessMode.uasset" 731
"../../../Engine/Content/Functions/Engine_MaterialFunctions02/Utility/BreakOutFloat4Components.uasset" 732
"../../../Engine/Content/Functions/Engine_MaterialFunctions02/Utility/MakeFloat2.uasset" 733
"../../../Engine/Content/Functions/Engine_MaterialFunctions02/Utility/MakeFloat3.uasset" 734
"../../Plugins/Runtime/Oculus/OculusVR/Content/Materials/OculusMR_ChromaKey.uasset" 735
"../../Plugins/Runtime/Oculus/OculusVR/Content/Materials/OculusMR_ChromaKey_Lit.uasset" 736
"../../Plugins/Runtime/Oculus/OculusVR/Content/Materials/OculusMR_OpaqueColoredMaterial.uasset" 737
"../../Plugins/Runtime/Oculus/OculusVR/Content/Materials/OculusMR_WhiteMaterial.uasset" 738
"O:/UE4 Projects/Uni Projects/SneakTavernSim/Content/Lockpick/LockpickTextures/Lock/T_lock_BaseColor.uasset" 739
"O:/UE4 Projects/Uni Projects/SneakTavernSim/Content/Lockpick/LockpickTextures/Lock/T_lock_Normal.uasset" 740
"O:/UE4 Projects/Uni Projects/SneakTavernSim/Content/Lockpick/LockpickTextures/Lock/T_lock_OcclusionRoughnessMetallic.uasset" 741
"O:/UE4 Projects/Uni Projects/SneakTavernSim/Content/Lockpick/LockpickTextures/Lock/M_lock.uasset" 742
"O:/UE4 Projects/Uni Projects/SneakTavernSim/Content/Lockpick/LockpickTextures/Lock/SM_lock_base.uasset" 743
"O:/UE4 Projects/Uni Projects/SneakTavernSim/Content/Lockpick/LockpickTextures/Lock/SM_lock_cylinder.uasset" 744
"O:/UE4 Projects/Uni Projects/SneakTavernSim/Content/Lockpick/LockpickTextures/PickAndKnife/Knife.uasset" 745
"O:/UE4 Projects/Uni Projects/SneakTavernSim/Content/Lockpick/LockpickTextures/PickAndKnife/Pick.uasset" 746
"O:/UE4 Projects/Uni Projects/SneakTavernSim/Content/Lockpick/BP_Lockpick.uasset" 747
"O:/UE4 Projects/Uni Projects/SneakTavernSim/Content/Lockpick/TestChest.uasset" 748
"O:/UE4 Projects/Uni Projects/SneakTavernSim/Content/TestLevel_BuiltData.uasset" 749
"../../../Engine/Content/BasicShapes/Plane.uasset" 750
"O:/UE4 Projects/Uni Projects/SneakTavernSim/Content/TestLevel.umap" 751
"../../../Engine/Content/EngineSky/C_Sky_Cloud_Color.uasset" 752
"../../../Engine/Content/EngineSky/C_Sky_Horizon_Color.uasset" 753
"../../../Engine/Content/EngineSky/C_Sky_Zenith_Color.uasset" 754
"../../../Engine/Content/EngineSky/T_Sky_Blue.uasset" 755
"../../../Engine/Content/EngineSky/T_Sky_Clouds_M.uasset" 756
"../../../Engine/Content/EngineSky/T_Sky_Stars.uasset" 757
"../../../Engine/Content/EngineSky/M_Sky_Panning_Clouds2.uasset" 758
"../../../Engine/Content/EngineSky/SM_SkySphere.uasset" 759
"../../../Engine/Content/EngineSky/BP_Sky_Sphere.uasset" 760
"O:/UE4 Projects/Uni Projects/SneakTavernSim/Content/Tavern/Candle.uasset" 761
"O:/UE4 Projects/Uni Projects/SneakTavernSim/Content/Tavern/PhysicsDoor.uasset" 762
"../../../Engine/Content/EngineMaterials/DefaultPhysicalMaterial.uasset" 763
"O:/UE4 Projects/Uni Projects/SneakTavernSim/Content/Tavern/ModularFantasyHouse/Meshes/SM_Wood_Beam_3_2m_v1.uasset" 764
"O:/UE4 Projects/Uni Projects/SneakTavernSim/Content/Tavern/ModularFantasyHouse/Meshes/SM_Wood_Beam_3_2m_v2.uasset" 765
"O:/UE4 Projects/Uni Projects/SneakTavernSim/Content/Tavern/StarterContent/Audio/Fire01.uasset" 766
"O:/UE4 Projects/Uni Projects/SneakTavernSim/Content/Tavern/StarterContent/Audio/Fire01_Cue.uasset" 767
"O:/UE4 Projects/Uni Projects/SneakTavernSim/Content/Tavern/StarterContent/Textures/T_Fire_SubUV.uasset" 768
"O:/UE4 Projects/Uni Projects/SneakTavernSim/Content/Tavern/StarterContent/Textures/T_Fire_Tiled_D.uasset" 769
"O:/UE4 Projects/Uni Projects/SneakTavernSim/Content/Tavern/StarterContent/Particles/Materials/M_Fire_SubUV.uasset" 770
"O:/UE4 Projects/Uni Projects/SneakTavernSim/Content/Tavern/StarterContent/Particles/P_Fire.uasset" 771
"O:/UE4 Projects/Uni Projects/SneakTavernSim/Content/Tavern/Tavern.umap" 772
"O:/UE4 Projects/Uni Projects/SneakTavernSim/Content/Levels/World.umap" 773
"O:/UE4 Projects/Uni Projects/SneakTavernSim/Content/Utility/SaveGame/LoadGameSlotUI.uasset" 774
"O:/UE4 Projects/Uni Projects/SneakTavernSim/Content/Utility/SaveGame/LoadGameMenu.uasset" 775
"O:/UE4 Projects/Uni Projects/SneakTavernSim/Content/Levels/MainMenu/MainMenuUI.uasset" 776
"O:/UE4 Projects/Uni Projects/SneakTavernSim/Content/Levels/MainMenu/MainMenuLevel.umap" 777
"../../../Engine/Content/Maps/Entry_BuiltData.uasset" 778
"../../../Engine/Content/Maps/Entry.umap" 779
